<?xml version="1.0" encoding="UTF-8"?>
<testng-results skipped="0" failed="7" total="43" passed="36">
  <reporter-output>
  </reporter-output>
  <suite name="Command line suite" duration-ms="619546" started-at="2018-10-24T06:06:07Z" finished-at="2018-10-24T06:16:27Z">
    <groups>
    </groups>
    <test name="Command line test" duration-ms="619546" started-at="2018-10-24T06:06:07Z" finished-at="2018-10-24T06:16:27Z">
      <class name="com.jdTouch.testcases.SearchPageTest">
        <test-method status="PASS" signature="setup()[pri:0, instance:com.jdTouch.testcases.SearchPageTest@3567135c]" name="setup" is-config="true" duration-ms="13805" started-at="2018-10-24T11:37:18Z" finished-at="2018-10-24T11:37:32Z">
          <reporter-output>
          </reporter-output>
        </test-method> <!-- setup -->
        <test-method status="PASS" signature="testSearchBarRedirection()[pri:0, instance:com.jdTouch.testcases.SearchPageTest@3567135c]" name="testSearchBarRedirection" duration-ms="91" started-at="2018-10-24T11:37:32Z" finished-at="2018-10-24T11:37:32Z">
          <reporter-output>
          </reporter-output>
        </test-method> <!-- testSearchBarRedirection -->
        <test-method status="PASS" signature="testSearchPage()[pri:0, instance:com.jdTouch.testcases.SearchPageTest@3567135c]" name="testSearchPage" duration-ms="2002" started-at="2018-10-24T11:38:01Z" finished-at="2018-10-24T11:38:03Z">
          <reporter-output>
          </reporter-output>
        </test-method> <!-- testSearchPage -->
        <test-method status="FAIL" signature="testSearchCategoryAutosuggest()[pri:0, instance:com.jdTouch.testcases.SearchPageTest@3567135c]" name="testSearchCategoryAutosuggest" duration-ms="1851" started-at="2018-10-24T11:38:18Z" finished-at="2018-10-24T11:38:20Z">
          <exception class="org.openqa.selenium.NoSuchSessionException">
            <message>
              <![CDATA[Session ID is null. Using WebDriver after calling quit()?
Build info: version: '3.14.0', revision: 'aacccce0', time: '2018-08-02T20:19:58.91Z'
System info: host: 'BLR-SOFT--68', ip: '172.29.87.68', os.name: 'Windows 7', os.arch: 'amd64', os.version: '6.1', java.version: '1.8.0_152'
Driver info: driver.version: RemoteWebDriver]]>
            </message>
            <full-stacktrace>
              <![CDATA[org.openqa.selenium.NoSuchSessionException: Session ID is null. Using WebDriver after calling quit()?
Build info: version: '3.14.0', revision: 'aacccce0', time: '2018-08-02T20:19:58.91Z'
System info: host: 'BLR-SOFT--68', ip: '172.29.87.68', os.name: 'Windows 7', os.arch: 'amd64', os.version: '6.1', java.version: '1.8.0_152'
Driver info: driver.version: RemoteWebDriver
	at org.openqa.selenium.remote.HttpCommandExecutor.execute(HttpCommandExecutor.java:125)
	at org.openqa.selenium.remote.service.DriverCommandExecutor.execute(DriverCommandExecutor.java:83)
	at org.openqa.selenium.remote.RemoteWebDriver.execute(RemoteWebDriver.java:548)
	at org.openqa.selenium.remote.RemoteWebDriver.findElements(RemoteWebDriver.java:349)
	at org.openqa.selenium.remote.RemoteWebDriver.findElementsByXPath(RemoteWebDriver.java:428)
	at org.openqa.selenium.By$ByXPath.findElements(By.java:348)
	at org.openqa.selenium.remote.RemoteWebDriver.findElements(RemoteWebDriver.java:310)
	at com.jdTouch.pages.SearchPage.checkAutosuggest(SearchPage.java:64)
	at com.jdTouch.testcases.SearchPageTest.testSearchCategoryAutosuggest(SearchPageTest.java:47)
	at sun.reflect.NativeMethodAccessorImpl.invoke0(Native Method)
	at sun.reflect.NativeMethodAccessorImpl.invoke(NativeMethodAccessorImpl.java:62)
	at sun.reflect.DelegatingMethodAccessorImpl.invoke(DelegatingMethodAccessorImpl.java:43)
	at java.lang.reflect.Method.invoke(Method.java:498)
	at org.testng.internal.MethodInvocationHelper.invokeMethod(MethodInvocationHelper.java:80)
	at org.testng.internal.Invoker.invokeMethod(Invoker.java:714)
	at org.testng.internal.Invoker.invokeTestMethod(Invoker.java:901)
	at org.testng.internal.Invoker.invokeTestMethods(Invoker.java:1231)
	at org.testng.internal.TestMethodWorker.invokeTestMethods(TestMethodWorker.java:127)
	at org.testng.internal.TestMethodWorker.run(TestMethodWorker.java:111)
	at org.testng.TestRunner.privateRun(TestRunner.java:767)
	at org.testng.TestRunner.run(TestRunner.java:617)
	at org.testng.SuiteRunner.runTest(SuiteRunner.java:334)
	at org.testng.SuiteRunner.runSequentially(SuiteRunner.java:329)
	at org.testng.SuiteRunner.privateRun(SuiteRunner.java:291)
	at org.testng.SuiteRunner.run(SuiteRunner.java:240)
	at org.testng.SuiteRunnerWorker.runSuite(SuiteRunnerWorker.java:52)
	at org.testng.SuiteRunnerWorker.run(SuiteRunnerWorker.java:86)
	at org.testng.TestNG.runSuitesSequentially(TestNG.java:1198)
	at org.testng.TestNG.runSuitesLocally(TestNG.java:1123)
	at org.testng.TestNG.run(TestNG.java:1031)
	at org.apache.maven.surefire.testng.TestNGExecutor.run(TestNGExecutor.java:77)
	at org.apache.maven.surefire.testng.TestNGDirectoryTestSuite.executeMulti(TestNGDirectoryTestSuite.java:159)
	at org.apache.maven.surefire.testng.TestNGDirectoryTestSuite.execute(TestNGDirectoryTestSuite.java:99)
	at org.apache.maven.surefire.testng.TestNGProvider.invoke(TestNGProvider.java:106)
	at sun.reflect.NativeMethodAccessorImpl.invoke0(Native Method)
	at sun.reflect.NativeMethodAccessorImpl.invoke(NativeMethodAccessorImpl.java:62)
	at sun.reflect.DelegatingMethodAccessorImpl.invoke(DelegatingMethodAccessorImpl.java:43)
	at java.lang.reflect.Method.invoke(Method.java:498)
	at org.apache.maven.surefire.util.ReflectionUtils.invokeMethodWithArray(ReflectionUtils.java:189)
	at org.apache.maven.surefire.booter.ProviderFactory$ProviderProxy.invoke(ProviderFactory.java:165)
	at org.apache.maven.surefire.booter.ProviderFactory.invokeProvider(ProviderFactory.java:85)
	at org.apache.maven.surefire.booter.ForkedBooter.runSuitesInProcess(ForkedBooter.java:115)
	at org.apache.maven.surefire.booter.ForkedBooter.main(ForkedBooter.java:75)
]]>
            </full-stacktrace>
          </exception> <!-- org.openqa.selenium.NoSuchSessionException -->
          <reporter-output>
          </reporter-output>
        </test-method> <!-- testSearchCategoryAutosuggest -->
        <test-method status="FAIL" signature="testSearchCompanyAutosuggest()[pri:0, instance:com.jdTouch.testcases.SearchPageTest@3567135c]" name="testSearchCompanyAutosuggest" duration-ms="1603" started-at="2018-10-24T11:38:28Z" finished-at="2018-10-24T11:38:29Z">
          <exception class="org.openqa.selenium.NoSuchSessionException">
            <message>
              <![CDATA[Session ID is null. Using WebDriver after calling quit()?
Build info: version: '3.14.0', revision: 'aacccce0', time: '2018-08-02T20:19:58.91Z'
System info: host: 'BLR-SOFT--68', ip: '172.29.87.68', os.name: 'Windows 7', os.arch: 'amd64', os.version: '6.1', java.version: '1.8.0_152'
Driver info: driver.version: RemoteWebDriver]]>
            </message>
            <full-stacktrace>
              <![CDATA[org.openqa.selenium.NoSuchSessionException: Session ID is null. Using WebDriver after calling quit()?
Build info: version: '3.14.0', revision: 'aacccce0', time: '2018-08-02T20:19:58.91Z'
System info: host: 'BLR-SOFT--68', ip: '172.29.87.68', os.name: 'Windows 7', os.arch: 'amd64', os.version: '6.1', java.version: '1.8.0_152'
Driver info: driver.version: RemoteWebDriver
	at org.openqa.selenium.remote.HttpCommandExecutor.execute(HttpCommandExecutor.java:125)
	at org.openqa.selenium.remote.service.DriverCommandExecutor.execute(DriverCommandExecutor.java:83)
	at org.openqa.selenium.remote.RemoteWebDriver.execute(RemoteWebDriver.java:548)
	at org.openqa.selenium.remote.RemoteWebDriver.findElements(RemoteWebDriver.java:349)
	at org.openqa.selenium.remote.RemoteWebDriver.findElementsByXPath(RemoteWebDriver.java:428)
	at org.openqa.selenium.By$ByXPath.findElements(By.java:348)
	at org.openqa.selenium.remote.RemoteWebDriver.findElements(RemoteWebDriver.java:310)
	at com.jdTouch.pages.SearchPage.checkAutosuggest(SearchPage.java:64)
	at com.jdTouch.testcases.SearchPageTest.testSearchCompanyAutosuggest(SearchPageTest.java:54)
	at sun.reflect.NativeMethodAccessorImpl.invoke0(Native Method)
	at sun.reflect.NativeMethodAccessorImpl.invoke(NativeMethodAccessorImpl.java:62)
	at sun.reflect.DelegatingMethodAccessorImpl.invoke(DelegatingMethodAccessorImpl.java:43)
	at java.lang.reflect.Method.invoke(Method.java:498)
	at org.testng.internal.MethodInvocationHelper.invokeMethod(MethodInvocationHelper.java:80)
	at org.testng.internal.Invoker.invokeMethod(Invoker.java:714)
	at org.testng.internal.Invoker.invokeTestMethod(Invoker.java:901)
	at org.testng.internal.Invoker.invokeTestMethods(Invoker.java:1231)
	at org.testng.internal.TestMethodWorker.invokeTestMethods(TestMethodWorker.java:127)
	at org.testng.internal.TestMethodWorker.run(TestMethodWorker.java:111)
	at org.testng.TestRunner.privateRun(TestRunner.java:767)
	at org.testng.TestRunner.run(TestRunner.java:617)
	at org.testng.SuiteRunner.runTest(SuiteRunner.java:334)
	at org.testng.SuiteRunner.runSequentially(SuiteRunner.java:329)
	at org.testng.SuiteRunner.privateRun(SuiteRunner.java:291)
	at org.testng.SuiteRunner.run(SuiteRunner.java:240)
	at org.testng.SuiteRunnerWorker.runSuite(SuiteRunnerWorker.java:52)
	at org.testng.SuiteRunnerWorker.run(SuiteRunnerWorker.java:86)
	at org.testng.TestNG.runSuitesSequentially(TestNG.java:1198)
	at org.testng.TestNG.runSuitesLocally(TestNG.java:1123)
	at org.testng.TestNG.run(TestNG.java:1031)
	at org.apache.maven.surefire.testng.TestNGExecutor.run(TestNGExecutor.java:77)
	at org.apache.maven.surefire.testng.TestNGDirectoryTestSuite.executeMulti(TestNGDirectoryTestSuite.java:159)
	at org.apache.maven.surefire.testng.TestNGDirectoryTestSuite.execute(TestNGDirectoryTestSuite.java:99)
	at org.apache.maven.surefire.testng.TestNGProvider.invoke(TestNGProvider.java:106)
	at sun.reflect.NativeMethodAccessorImpl.invoke0(Native Method)
	at sun.reflect.NativeMethodAccessorImpl.invoke(NativeMethodAccessorImpl.java:62)
	at sun.reflect.DelegatingMethodAccessorImpl.invoke(DelegatingMethodAccessorImpl.java:43)
	at java.lang.reflect.Method.invoke(Method.java:498)
	at org.apache.maven.surefire.util.ReflectionUtils.invokeMethodWithArray(ReflectionUtils.java:189)
	at org.apache.maven.surefire.booter.ProviderFactory$ProviderProxy.invoke(ProviderFactory.java:165)
	at org.apache.maven.surefire.booter.ProviderFactory.invokeProvider(ProviderFactory.java:85)
	at org.apache.maven.surefire.booter.ForkedBooter.runSuitesInProcess(ForkedBooter.java:115)
	at org.apache.maven.surefire.booter.ForkedBooter.main(ForkedBooter.java:75)
]]>
            </full-stacktrace>
          </exception> <!-- org.openqa.selenium.NoSuchSessionException -->
          <reporter-output>
          </reporter-output>
        </test-method> <!-- testSearchCompanyAutosuggest -->
        <test-method status="FAIL" signature="testSearchGroupAutosuggest()[pri:0, instance:com.jdTouch.testcases.SearchPageTest@3567135c]" name="testSearchGroupAutosuggest" duration-ms="1593" started-at="2018-10-24T11:39:52Z" finished-at="2018-10-24T11:39:53Z">
          <exception class="org.openqa.selenium.NoSuchSessionException">
            <message>
              <![CDATA[Session ID is null. Using WebDriver after calling quit()?
Build info: version: '3.14.0', revision: 'aacccce0', time: '2018-08-02T20:19:58.91Z'
System info: host: 'BLR-SOFT--68', ip: '172.29.87.68', os.name: 'Windows 7', os.arch: 'amd64', os.version: '6.1', java.version: '1.8.0_152'
Driver info: driver.version: RemoteWebDriver]]>
            </message>
            <full-stacktrace>
              <![CDATA[org.openqa.selenium.NoSuchSessionException: Session ID is null. Using WebDriver after calling quit()?
Build info: version: '3.14.0', revision: 'aacccce0', time: '2018-08-02T20:19:58.91Z'
System info: host: 'BLR-SOFT--68', ip: '172.29.87.68', os.name: 'Windows 7', os.arch: 'amd64', os.version: '6.1', java.version: '1.8.0_152'
Driver info: driver.version: RemoteWebDriver
	at org.openqa.selenium.remote.HttpCommandExecutor.execute(HttpCommandExecutor.java:125)
	at org.openqa.selenium.remote.service.DriverCommandExecutor.execute(DriverCommandExecutor.java:83)
	at org.openqa.selenium.remote.RemoteWebDriver.execute(RemoteWebDriver.java:548)
	at org.openqa.selenium.remote.RemoteWebDriver.findElements(RemoteWebDriver.java:349)
	at org.openqa.selenium.remote.RemoteWebDriver.findElementsByXPath(RemoteWebDriver.java:428)
	at org.openqa.selenium.By$ByXPath.findElements(By.java:348)
	at org.openqa.selenium.remote.RemoteWebDriver.findElements(RemoteWebDriver.java:310)
	at com.jdTouch.pages.SearchPage.checkAutosuggest(SearchPage.java:64)
	at com.jdTouch.testcases.SearchPageTest.testSearchGroupAutosuggest(SearchPageTest.java:61)
	at sun.reflect.NativeMethodAccessorImpl.invoke0(Native Method)
	at sun.reflect.NativeMethodAccessorImpl.invoke(NativeMethodAccessorImpl.java:62)
	at sun.reflect.DelegatingMethodAccessorImpl.invoke(DelegatingMethodAccessorImpl.java:43)
	at java.lang.reflect.Method.invoke(Method.java:498)
	at org.testng.internal.MethodInvocationHelper.invokeMethod(MethodInvocationHelper.java:80)
	at org.testng.internal.Invoker.invokeMethod(Invoker.java:714)
	at org.testng.internal.Invoker.invokeTestMethod(Invoker.java:901)
	at org.testng.internal.Invoker.invokeTestMethods(Invoker.java:1231)
	at org.testng.internal.TestMethodWorker.invokeTestMethods(TestMethodWorker.java:127)
	at org.testng.internal.TestMethodWorker.run(TestMethodWorker.java:111)
	at org.testng.TestRunner.privateRun(TestRunner.java:767)
	at org.testng.TestRunner.run(TestRunner.java:617)
	at org.testng.SuiteRunner.runTest(SuiteRunner.java:334)
	at org.testng.SuiteRunner.runSequentially(SuiteRunner.java:329)
	at org.testng.SuiteRunner.privateRun(SuiteRunner.java:291)
	at org.testng.SuiteRunner.run(SuiteRunner.java:240)
	at org.testng.SuiteRunnerWorker.runSuite(SuiteRunnerWorker.java:52)
	at org.testng.SuiteRunnerWorker.run(SuiteRunnerWorker.java:86)
	at org.testng.TestNG.runSuitesSequentially(TestNG.java:1198)
	at org.testng.TestNG.runSuitesLocally(TestNG.java:1123)
	at org.testng.TestNG.run(TestNG.java:1031)
	at org.apache.maven.surefire.testng.TestNGExecutor.run(TestNGExecutor.java:77)
	at org.apache.maven.surefire.testng.TestNGDirectoryTestSuite.executeMulti(TestNGDirectoryTestSuite.java:159)
	at org.apache.maven.surefire.testng.TestNGDirectoryTestSuite.execute(TestNGDirectoryTestSuite.java:99)
	at org.apache.maven.surefire.testng.TestNGProvider.invoke(TestNGProvider.java:106)
	at sun.reflect.NativeMethodAccessorImpl.invoke0(Native Method)
	at sun.reflect.NativeMethodAccessorImpl.invoke(NativeMethodAccessorImpl.java:62)
	at sun.reflect.DelegatingMethodAccessorImpl.invoke(DelegatingMethodAccessorImpl.java:43)
	at java.lang.reflect.Method.invoke(Method.java:498)
	at org.apache.maven.surefire.util.ReflectionUtils.invokeMethodWithArray(ReflectionUtils.java:189)
	at org.apache.maven.surefire.booter.ProviderFactory$ProviderProxy.invoke(ProviderFactory.java:165)
	at org.apache.maven.surefire.booter.ProviderFactory.invokeProvider(ProviderFactory.java:85)
	at org.apache.maven.surefire.booter.ForkedBooter.runSuitesInProcess(ForkedBooter.java:115)
	at org.apache.maven.surefire.booter.ForkedBooter.main(ForkedBooter.java:75)
]]>
            </full-stacktrace>
          </exception> <!-- org.openqa.selenium.NoSuchSessionException -->
          <reporter-output>
          </reporter-output>
        </test-method> <!-- testSearchGroupAutosuggest -->
        <test-method status="FAIL" signature="testSearchProductAutosuggest()[pri:0, instance:com.jdTouch.testcases.SearchPageTest@3567135c]" name="testSearchProductAutosuggest" duration-ms="1584" started-at="2018-10-24T11:40:06Z" finished-at="2018-10-24T11:40:07Z">
          <exception class="org.openqa.selenium.NoSuchSessionException">
            <message>
              <![CDATA[Session ID is null. Using WebDriver after calling quit()?
Build info: version: '3.14.0', revision: 'aacccce0', time: '2018-08-02T20:19:58.91Z'
System info: host: 'BLR-SOFT--68', ip: '172.29.87.68', os.name: 'Windows 7', os.arch: 'amd64', os.version: '6.1', java.version: '1.8.0_152'
Driver info: driver.version: RemoteWebDriver]]>
            </message>
            <full-stacktrace>
              <![CDATA[org.openqa.selenium.NoSuchSessionException: Session ID is null. Using WebDriver after calling quit()?
Build info: version: '3.14.0', revision: 'aacccce0', time: '2018-08-02T20:19:58.91Z'
System info: host: 'BLR-SOFT--68', ip: '172.29.87.68', os.name: 'Windows 7', os.arch: 'amd64', os.version: '6.1', java.version: '1.8.0_152'
Driver info: driver.version: RemoteWebDriver
	at org.openqa.selenium.remote.HttpCommandExecutor.execute(HttpCommandExecutor.java:125)
	at org.openqa.selenium.remote.service.DriverCommandExecutor.execute(DriverCommandExecutor.java:83)
	at org.openqa.selenium.remote.RemoteWebDriver.execute(RemoteWebDriver.java:548)
	at org.openqa.selenium.remote.RemoteWebDriver.findElements(RemoteWebDriver.java:349)
	at org.openqa.selenium.remote.RemoteWebDriver.findElementsByXPath(RemoteWebDriver.java:428)
	at org.openqa.selenium.By$ByXPath.findElements(By.java:348)
	at org.openqa.selenium.remote.RemoteWebDriver.findElements(RemoteWebDriver.java:310)
	at com.jdTouch.pages.SearchPage.checkAutosuggest(SearchPage.java:64)
	at com.jdTouch.testcases.SearchPageTest.testSearchProductAutosuggest(SearchPageTest.java:68)
	at sun.reflect.NativeMethodAccessorImpl.invoke0(Native Method)
	at sun.reflect.NativeMethodAccessorImpl.invoke(NativeMethodAccessorImpl.java:62)
	at sun.reflect.DelegatingMethodAccessorImpl.invoke(DelegatingMethodAccessorImpl.java:43)
	at java.lang.reflect.Method.invoke(Method.java:498)
	at org.testng.internal.MethodInvocationHelper.invokeMethod(MethodInvocationHelper.java:80)
	at org.testng.internal.Invoker.invokeMethod(Invoker.java:714)
	at org.testng.internal.Invoker.invokeTestMethod(Invoker.java:901)
	at org.testng.internal.Invoker.invokeTestMethods(Invoker.java:1231)
	at org.testng.internal.TestMethodWorker.invokeTestMethods(TestMethodWorker.java:127)
	at org.testng.internal.TestMethodWorker.run(TestMethodWorker.java:111)
	at org.testng.TestRunner.privateRun(TestRunner.java:767)
	at org.testng.TestRunner.run(TestRunner.java:617)
	at org.testng.SuiteRunner.runTest(SuiteRunner.java:334)
	at org.testng.SuiteRunner.runSequentially(SuiteRunner.java:329)
	at org.testng.SuiteRunner.privateRun(SuiteRunner.java:291)
	at org.testng.SuiteRunner.run(SuiteRunner.java:240)
	at org.testng.SuiteRunnerWorker.runSuite(SuiteRunnerWorker.java:52)
	at org.testng.SuiteRunnerWorker.run(SuiteRunnerWorker.java:86)
	at org.testng.TestNG.runSuitesSequentially(TestNG.java:1198)
	at org.testng.TestNG.runSuitesLocally(TestNG.java:1123)
	at org.testng.TestNG.run(TestNG.java:1031)
	at org.apache.maven.surefire.testng.TestNGExecutor.run(TestNGExecutor.java:77)
	at org.apache.maven.surefire.testng.TestNGDirectoryTestSuite.executeMulti(TestNGDirectoryTestSuite.java:159)
	at org.apache.maven.surefire.testng.TestNGDirectoryTestSuite.execute(TestNGDirectoryTestSuite.java:99)
	at org.apache.maven.surefire.testng.TestNGProvider.invoke(TestNGProvider.java:106)
	at sun.reflect.NativeMethodAccessorImpl.invoke0(Native Method)
	at sun.reflect.NativeMethodAccessorImpl.invoke(NativeMethodAccessorImpl.java:62)
	at sun.reflect.DelegatingMethodAccessorImpl.invoke(DelegatingMethodAccessorImpl.java:43)
	at java.lang.reflect.Method.invoke(Method.java:498)
	at org.apache.maven.surefire.util.ReflectionUtils.invokeMethodWithArray(ReflectionUtils.java:189)
	at org.apache.maven.surefire.booter.ProviderFactory$ProviderProxy.invoke(ProviderFactory.java:165)
	at org.apache.maven.surefire.booter.ProviderFactory.invokeProvider(ProviderFactory.java:85)
	at org.apache.maven.surefire.booter.ForkedBooter.runSuitesInProcess(ForkedBooter.java:115)
	at org.apache.maven.surefire.booter.ForkedBooter.main(ForkedBooter.java:75)
]]>
            </full-stacktrace>
          </exception> <!-- org.openqa.selenium.NoSuchSessionException -->
          <reporter-output>
          </reporter-output>
        </test-method> <!-- testSearchProductAutosuggest -->
        <test-method status="PASS" signature="teardown()[pri:0, instance:com.jdTouch.testcases.SearchPageTest@3567135c]" name="teardown" is-config="true" duration-ms="1" started-at="2018-10-24T11:40:07Z" finished-at="2018-10-24T11:40:07Z">
          <reporter-output>
          </reporter-output>
        </test-method> <!-- teardown -->
      </class> <!-- com.jdTouch.testcases.SearchPageTest -->
      <class name="com.jdTouch.testcases.FreeListingTest">
        <test-method status="PASS" signature="setup()[pri:0, instance:com.jdTouch.testcases.FreeListingTest@2c6a3f77]" name="setup" is-config="true" duration-ms="8464" started-at="2018-10-24T11:36:17Z" finished-at="2018-10-24T11:36:25Z">
          <reporter-output>
          </reporter-output>
        </test-method> <!-- setup -->
        <test-method status="PASS" signature="validateFreelistingPage()[pri:0, instance:com.jdTouch.testcases.FreeListingTest@2c6a3f77]" name="validateFreelistingPage" duration-ms="2308" started-at="2018-10-24T11:36:25Z" finished-at="2018-10-24T11:36:27Z">
          <reporter-output>
          </reporter-output>
        </test-method> <!-- validateFreelistingPage -->
        <test-method status="PASS" signature="closebrowser()[pri:0, instance:com.jdTouch.testcases.FreeListingTest@2c6a3f77]" name="closebrowser" is-config="true" duration-ms="640" started-at="2018-10-24T11:36:27Z" finished-at="2018-10-24T11:36:28Z">
          <reporter-output>
          </reporter-output>
        </test-method> <!-- closebrowser -->
        <test-method status="PASS" signature="setup()[pri:0, instance:com.jdTouch.testcases.FreeListingTest@2c6a3f77]" name="setup" is-config="true" duration-ms="8791" started-at="2018-10-24T11:36:50Z" finished-at="2018-10-24T11:36:59Z">
          <reporter-output>
          </reporter-output>
        </test-method> <!-- setup -->
        <test-method status="PASS" signature="testFreelistingBack()[pri:0, instance:com.jdTouch.testcases.FreeListingTest@2c6a3f77]" name="testFreelistingBack" duration-ms="9335" started-at="2018-10-24T11:36:59Z" finished-at="2018-10-24T11:37:08Z">
          <reporter-output>
          </reporter-output>
        </test-method> <!-- testFreelistingBack -->
        <test-method status="PASS" signature="closebrowser()[pri:0, instance:com.jdTouch.testcases.FreeListingTest@2c6a3f77]" name="closebrowser" is-config="true" duration-ms="673" started-at="2018-10-24T11:37:08Z" finished-at="2018-10-24T11:37:09Z">
          <reporter-output>
          </reporter-output>
        </test-method> <!-- closebrowser -->
        <test-method status="PASS" signature="setup()[pri:0, instance:com.jdTouch.testcases.FreeListingTest@2c6a3f77]" name="setup" is-config="true" duration-ms="9575" started-at="2018-10-24T11:37:44Z" finished-at="2018-10-24T11:37:53Z">
          <reporter-output>
          </reporter-output>
        </test-method> <!-- setup -->
        <test-method status="PASS" signature="testFreelistingCross()[pri:0, instance:com.jdTouch.testcases.FreeListingTest@2c6a3f77]" name="testFreelistingCross" duration-ms="7153" started-at="2018-10-24T11:37:53Z" finished-at="2018-10-24T11:38:00Z">
          <reporter-output>
          </reporter-output>
        </test-method> <!-- testFreelistingCross -->
        <test-method status="PASS" signature="closebrowser()[pri:0, instance:com.jdTouch.testcases.FreeListingTest@2c6a3f77]" name="closebrowser" is-config="true" duration-ms="677" started-at="2018-10-24T11:38:00Z" finished-at="2018-10-24T11:38:01Z">
          <reporter-output>
          </reporter-output>
        </test-method> <!-- closebrowser -->
        <test-method status="PASS" signature="setup()[pri:0, instance:com.jdTouch.testcases.FreeListingTest@2c6a3f77]" name="setup" is-config="true" duration-ms="8861" started-at="2018-10-24T11:38:40Z" finished-at="2018-10-24T11:38:49Z">
          <reporter-output>
          </reporter-output>
        </test-method> <!-- setup -->
        <test-method status="PASS" signature="testFreeListing(java.lang.String, java.lang.String, java.lang.String, java.lang.String, java.lang.String)[pri:0, instance:com.jdTouch.testcases.FreeListingTest@2c6a3f77]" name="testFreeListing" duration-ms="12098" started-at="2018-10-24T11:38:49Z" data-provider="getFreelistData" finished-at="2018-10-24T11:39:01Z">
          <params>
            <param index="0">
              <value>
                <![CDATA[test ABC]]>
              </value>
            </param>
            <param index="1">
              <value>
                <![CDATA[Test  A]]>
              </value>
            </param>
            <param index="2">
              <value>
                <![CDATA[7738176962]]>
              </value>
            </param>
            <param index="3">
              <value>
                <![CDATA[25632563]]>
              </value>
            </param>
            <param index="4">
              <value>
                <![CDATA[jay]]>
              </value>
            </param>
          </params>
          <reporter-output>
          </reporter-output>
        </test-method> <!-- testFreeListing -->
        <test-method status="PASS" signature="closebrowser()[pri:0, instance:com.jdTouch.testcases.FreeListingTest@2c6a3f77]" name="closebrowser" is-config="true" duration-ms="653" started-at="2018-10-24T11:39:01Z" finished-at="2018-10-24T11:39:02Z">
          <reporter-output>
          </reporter-output>
        </test-method> <!-- closebrowser -->
        <test-method status="PASS" signature="setup()[pri:0, instance:com.jdTouch.testcases.FreeListingTest@2c6a3f77]" name="setup" is-config="true" duration-ms="11483" started-at="2018-10-24T11:39:02Z" finished-at="2018-10-24T11:39:13Z">
          <reporter-output>
          </reporter-output>
        </test-method> <!-- setup -->
        <test-method status="PASS" signature="testFreeListing(java.lang.String, java.lang.String, java.lang.String, java.lang.String, java.lang.String)[pri:0, instance:com.jdTouch.testcases.FreeListingTest@2c6a3f77]" name="testFreeListing" duration-ms="16056" started-at="2018-10-24T11:39:13Z" data-provider="getFreelistData" finished-at="2018-10-24T11:39:29Z">
          <params>
            <param index="0">
              <value>
                <![CDATA[test DEF 1]]>
              </value>
            </param>
            <param index="1">
              <value>
                <![CDATA[Test B]]>
              </value>
            </param>
            <param index="2">
              <value>
                <![CDATA[7738176962]]>
              </value>
            </param>
            <param index="3">
              <value>
                <![CDATA[25412541]]>
              </value>
            </param>
            <param index="4">
              <value>
                <![CDATA[kor]]>
              </value>
            </param>
          </params>
          <reporter-output>
          </reporter-output>
        </test-method> <!-- testFreeListing -->
        <test-method status="PASS" signature="closebrowser()[pri:0, instance:com.jdTouch.testcases.FreeListingTest@2c6a3f77]" name="closebrowser" is-config="true" duration-ms="653" started-at="2018-10-24T11:39:29Z" finished-at="2018-10-24T11:39:30Z">
          <reporter-output>
          </reporter-output>
        </test-method> <!-- closebrowser -->
        <test-method status="PASS" signature="setup()[pri:0, instance:com.jdTouch.testcases.FreeListingTest@2c6a3f77]" name="setup" is-config="true" duration-ms="10095" started-at="2018-10-24T11:39:30Z" finished-at="2018-10-24T11:39:40Z">
          <reporter-output>
          </reporter-output>
        </test-method> <!-- setup -->
        <test-method status="PASS" signature="testFreeListing(java.lang.String, java.lang.String, java.lang.String, java.lang.String, java.lang.String)[pri:0, instance:com.jdTouch.testcases.FreeListingTest@2c6a3f77]" name="testFreeListing" duration-ms="11128" started-at="2018-10-24T11:39:40Z" data-provider="getFreelistData" finished-at="2018-10-24T11:39:51Z">
          <params>
            <param index="0">
              <value>
                <![CDATA[Test & XYZ]]>
              </value>
            </param>
            <param index="1">
              <value>
                <![CDATA[Test C]]>
              </value>
            </param>
            <param index="2">
              <value>
                <![CDATA[7738176962]]>
              </value>
            </param>
            <param index="3">
              <value>
                <![CDATA[25896325]]>
              </value>
            </param>
            <param index="4">
              <value>
                <![CDATA[kal]]>
              </value>
            </param>
          </params>
          <reporter-output>
          </reporter-output>
        </test-method> <!-- testFreeListing -->
        <test-method status="PASS" signature="closebrowser()[pri:0, instance:com.jdTouch.testcases.FreeListingTest@2c6a3f77]" name="closebrowser" is-config="true" duration-ms="604" started-at="2018-10-24T11:39:51Z" finished-at="2018-10-24T11:39:52Z">
          <reporter-output>
          </reporter-output>
        </test-method> <!-- closebrowser -->
      </class> <!-- com.jdTouch.testcases.FreeListingTest -->
      <class name="com.jdTouch.testcases.ContextualMenuTest">
        <test-method status="PASS" signature="setup()[pri:0, instance:com.jdTouch.testcases.ContextualMenuTest@4157f54e]" name="setup" is-config="true" duration-ms="8241" started-at="2018-10-24T11:36:07Z" finished-at="2018-10-24T11:36:16Z">
          <reporter-output>
          </reporter-output>
        </test-method> <!-- setup -->
        <test-method status="PASS" signature="TestContextualMenuPage()[pri:0, instance:com.jdTouch.testcases.ContextualMenuTest@4157f54e]" name="TestContextualMenuPage" duration-ms="48" started-at="2018-10-24T11:36:16Z" finished-at="2018-10-24T11:36:16Z">
          <reporter-output>
          </reporter-output>
        </test-method> <!-- TestContextualMenuPage -->
        <test-method status="PASS" signature="close()[pri:0, instance:com.jdTouch.testcases.ContextualMenuTest@4157f54e]" name="close" is-config="true" duration-ms="818" started-at="2018-10-24T11:36:16Z" finished-at="2018-10-24T11:36:17Z">
          <reporter-output>
          </reporter-output>
        </test-method> <!-- close -->
        <test-method status="PASS" signature="setup()[pri:0, instance:com.jdTouch.testcases.ContextualMenuTest@4157f54e]" name="setup" is-config="true" duration-ms="11652" started-at="2018-10-24T11:36:37Z" finished-at="2018-10-24T11:36:49Z">
          <reporter-output>
          </reporter-output>
        </test-method> <!-- setup -->
        <test-method status="PASS" signature="testContextualmenuBack()[pri:0, instance:com.jdTouch.testcases.ContextualMenuTest@4157f54e]" name="testContextualmenuBack" duration-ms="398" started-at="2018-10-24T11:36:49Z" finished-at="2018-10-24T11:36:49Z">
          <reporter-output>
          </reporter-output>
        </test-method> <!-- testContextualmenuBack -->
        <test-method status="PASS" signature="close()[pri:0, instance:com.jdTouch.testcases.ContextualMenuTest@4157f54e]" name="close" is-config="true" duration-ms="763" started-at="2018-10-24T11:36:49Z" finished-at="2018-10-24T11:36:50Z">
          <reporter-output>
          </reporter-output>
        </test-method> <!-- close -->
        <test-method status="PASS" signature="setup()[pri:0, instance:com.jdTouch.testcases.ContextualMenuTest@4157f54e]" name="setup" is-config="true" duration-ms="10560" started-at="2018-10-24T11:37:32Z" finished-at="2018-10-24T11:37:42Z">
          <reporter-output>
          </reporter-output>
        </test-method> <!-- setup -->
        <test-method status="PASS" signature="TestUsernameNonloggedin()[pri:0, instance:com.jdTouch.testcases.ContextualMenuTest@4157f54e]" name="TestUsernameNonloggedin" duration-ms="893" started-at="2018-10-24T11:37:42Z" finished-at="2018-10-24T11:37:43Z">
          <reporter-output>
          </reporter-output>
        </test-method> <!-- TestUsernameNonloggedin -->
        <test-method status="PASS" signature="close()[pri:0, instance:com.jdTouch.testcases.ContextualMenuTest@4157f54e]" name="close" is-config="true" duration-ms="632" started-at="2018-10-24T11:37:43Z" finished-at="2018-10-24T11:37:44Z">
          <reporter-output>
          </reporter-output>
        </test-method> <!-- close -->
        <test-method status="PASS" signature="setup()[pri:0, instance:com.jdTouch.testcases.ContextualMenuTest@4157f54e]" name="setup" is-config="true" duration-ms="14066" started-at="2018-10-24T11:38:03Z" finished-at="2018-10-24T11:38:17Z">
          <reporter-output>
          </reporter-output>
        </test-method> <!-- setup -->
        <test-method status="PASS" signature="TestFavoriesNonloggedin()[pri:0, instance:com.jdTouch.testcases.ContextualMenuTest@4157f54e]" name="TestFavoriesNonloggedin" duration-ms="295" started-at="2018-10-24T11:38:17Z" finished-at="2018-10-24T11:38:18Z">
          <reporter-output>
          </reporter-output>
        </test-method> <!-- TestFavoriesNonloggedin -->
        <test-method status="PASS" signature="close()[pri:0, instance:com.jdTouch.testcases.ContextualMenuTest@4157f54e]" name="close" is-config="true" duration-ms="678" started-at="2018-10-24T11:38:18Z" finished-at="2018-10-24T11:38:18Z">
          <reporter-output>
          </reporter-output>
        </test-method> <!-- close -->
        <test-method status="PASS" signature="setup()[pri:0, instance:com.jdTouch.testcases.ContextualMenuTest@4157f54e]" name="setup" is-config="true" duration-ms="6570" started-at="2018-10-24T11:38:20Z" finished-at="2018-10-24T11:38:27Z">
          <reporter-output>
          </reporter-output>
        </test-method> <!-- setup -->
        <test-method status="PASS" signature="TestMyInterestNonloggedin()[pri:0, instance:com.jdTouch.testcases.ContextualMenuTest@4157f54e]" name="TestMyInterestNonloggedin" duration-ms="253" started-at="2018-10-24T11:38:27Z" finished-at="2018-10-24T11:38:27Z">
          <reporter-output>
          </reporter-output>
        </test-method> <!-- TestMyInterestNonloggedin -->
        <test-method status="PASS" signature="close()[pri:0, instance:com.jdTouch.testcases.ContextualMenuTest@4157f54e]" name="close" is-config="true" duration-ms="641" started-at="2018-10-24T11:38:27Z" finished-at="2018-10-24T11:38:28Z">
          <reporter-output>
          </reporter-output>
        </test-method> <!-- close -->
        <test-method status="PASS" signature="setup()[pri:0, instance:com.jdTouch.testcases.ContextualMenuTest@4157f54e]" name="setup" is-config="true" duration-ms="9793" started-at="2018-10-24T11:38:29Z" finished-at="2018-10-24T11:38:39Z">
          <reporter-output>
          </reporter-output>
        </test-method> <!-- setup -->
        <test-method status="PASS" signature="TestMyTransactionNonloggedin()[pri:0, instance:com.jdTouch.testcases.ContextualMenuTest@4157f54e]" name="TestMyTransactionNonloggedin" duration-ms="645" started-at="2018-10-24T11:38:39Z" finished-at="2018-10-24T11:38:40Z">
          <reporter-output>
          </reporter-output>
        </test-method> <!-- TestMyTransactionNonloggedin -->
        <test-method status="PASS" signature="close()[pri:0, instance:com.jdTouch.testcases.ContextualMenuTest@4157f54e]" name="close" is-config="true" duration-ms="674" started-at="2018-10-24T11:38:40Z" finished-at="2018-10-24T11:38:40Z">
          <reporter-output>
          </reporter-output>
        </test-method> <!-- close -->
        <test-method status="PASS" signature="setup()[pri:0, instance:com.jdTouch.testcases.ContextualMenuTest@4157f54e]" name="setup" is-config="true" duration-ms="8851" started-at="2018-10-24T11:39:53Z" finished-at="2018-10-24T11:40:02Z">
          <reporter-output>
          </reporter-output>
        </test-method> <!-- setup -->
        <test-method status="PASS" signature="TestFeedbackNonloggedin()[pri:0, instance:com.jdTouch.testcases.ContextualMenuTest@4157f54e]" name="TestFeedbackNonloggedin" duration-ms="2642" started-at="2018-10-24T11:40:02Z" finished-at="2018-10-24T11:40:05Z">
          <reporter-output>
          </reporter-output>
        </test-method> <!-- TestFeedbackNonloggedin -->
        <test-method status="PASS" signature="close()[pri:0, instance:com.jdTouch.testcases.ContextualMenuTest@4157f54e]" name="close" is-config="true" duration-ms="768" started-at="2018-10-24T11:40:05Z" finished-at="2018-10-24T11:40:06Z">
          <reporter-output>
          </reporter-output>
        </test-method> <!-- close -->
        <test-method status="PASS" signature="setup()[pri:0, instance:com.jdTouch.testcases.ContextualMenuTest@4157f54e]" name="setup" is-config="true" duration-ms="8993" started-at="2018-10-24T11:40:07Z" finished-at="2018-10-24T11:40:16Z">
          <reporter-output>
          </reporter-output>
        </test-method> <!-- setup -->
        <test-method status="FAIL" signature="Testloginlink()[pri:0, instance:com.jdTouch.testcases.ContextualMenuTest@4157f54e]" name="Testloginlink" duration-ms="2401" started-at="2018-10-24T11:40:16Z" finished-at="2018-10-24T11:40:19Z">
          <exception class="java.lang.AssertionError">
            <full-stacktrace>
              <![CDATA[java.lang.AssertionError
	at org.junit.Assert.fail(Assert.java:92)
	at org.junit.Assert.assertTrue(Assert.java:43)
	at org.junit.Assert.assertTrue(Assert.java:54)
	at com.jdTouch.testcases.ContextualMenuTest.Testloginlink(ContextualMenuTest.java:78)
	at sun.reflect.NativeMethodAccessorImpl.invoke0(Native Method)
	at sun.reflect.NativeMethodAccessorImpl.invoke(NativeMethodAccessorImpl.java:62)
	at sun.reflect.DelegatingMethodAccessorImpl.invoke(DelegatingMethodAccessorImpl.java:43)
	at java.lang.reflect.Method.invoke(Method.java:498)
	at org.testng.internal.MethodInvocationHelper.invokeMethod(MethodInvocationHelper.java:80)
	at org.testng.internal.Invoker.invokeMethod(Invoker.java:714)
	at org.testng.internal.Invoker.invokeTestMethod(Invoker.java:901)
	at org.testng.internal.Invoker.invokeTestMethods(Invoker.java:1231)
	at org.testng.internal.TestMethodWorker.invokeTestMethods(TestMethodWorker.java:127)
	at org.testng.internal.TestMethodWorker.run(TestMethodWorker.java:111)
	at org.testng.TestRunner.privateRun(TestRunner.java:767)
	at org.testng.TestRunner.run(TestRunner.java:617)
	at org.testng.SuiteRunner.runTest(SuiteRunner.java:334)
	at org.testng.SuiteRunner.runSequentially(SuiteRunner.java:329)
	at org.testng.SuiteRunner.privateRun(SuiteRunner.java:291)
	at org.testng.SuiteRunner.run(SuiteRunner.java:240)
	at org.testng.SuiteRunnerWorker.runSuite(SuiteRunnerWorker.java:52)
	at org.testng.SuiteRunnerWorker.run(SuiteRunnerWorker.java:86)
	at org.testng.TestNG.runSuitesSequentially(TestNG.java:1198)
	at org.testng.TestNG.runSuitesLocally(TestNG.java:1123)
	at org.testng.TestNG.run(TestNG.java:1031)
	at org.apache.maven.surefire.testng.TestNGExecutor.run(TestNGExecutor.java:77)
	at org.apache.maven.surefire.testng.TestNGDirectoryTestSuite.executeMulti(TestNGDirectoryTestSuite.java:159)
	at org.apache.maven.surefire.testng.TestNGDirectoryTestSuite.execute(TestNGDirectoryTestSuite.java:99)
	at org.apache.maven.surefire.testng.TestNGProvider.invoke(TestNGProvider.java:106)
	at sun.reflect.NativeMethodAccessorImpl.invoke0(Native Method)
	at sun.reflect.NativeMethodAccessorImpl.invoke(NativeMethodAccessorImpl.java:62)
	at sun.reflect.DelegatingMethodAccessorImpl.invoke(DelegatingMethodAccessorImpl.java:43)
	at java.lang.reflect.Method.invoke(Method.java:498)
	at org.apache.maven.surefire.util.ReflectionUtils.invokeMethodWithArray(ReflectionUtils.java:189)
	at org.apache.maven.surefire.booter.ProviderFactory$ProviderProxy.invoke(ProviderFactory.java:165)
	at org.apache.maven.surefire.booter.ProviderFactory.invokeProvider(ProviderFactory.java:85)
	at org.apache.maven.surefire.booter.ForkedBooter.runSuitesInProcess(ForkedBooter.java:115)
	at org.apache.maven.surefire.booter.ForkedBooter.main(ForkedBooter.java:75)
]]>
            </full-stacktrace>
          </exception> <!-- java.lang.AssertionError -->
          <reporter-output>
          </reporter-output>
        </test-method> <!-- Testloginlink -->
        <test-method status="PASS" signature="close()[pri:0, instance:com.jdTouch.testcases.ContextualMenuTest@4157f54e]" name="close" is-config="true" duration-ms="660" started-at="2018-10-24T11:40:19Z" finished-at="2018-10-24T11:40:19Z">
          <reporter-output>
          </reporter-output>
        </test-method> <!-- close -->
        <test-method status="PASS" signature="setup()[pri:0, instance:com.jdTouch.testcases.ContextualMenuTest@4157f54e]" name="setup" is-config="true" duration-ms="7658" started-at="2018-10-24T11:40:19Z" finished-at="2018-10-24T11:40:27Z">
          <reporter-output>
          </reporter-output>
        </test-method> <!-- setup -->
        <test-method status="PASS" signature="TestHelpnSupport()[pri:0, instance:com.jdTouch.testcases.ContextualMenuTest@4157f54e]" name="TestHelpnSupport" duration-ms="4079" started-at="2018-10-24T11:40:27Z" finished-at="2018-10-24T11:40:31Z">
          <reporter-output>
          </reporter-output>
        </test-method> <!-- TestHelpnSupport -->
        <test-method status="PASS" signature="close()[pri:0, instance:com.jdTouch.testcases.ContextualMenuTest@4157f54e]" name="close" is-config="true" duration-ms="620" started-at="2018-10-24T11:40:31Z" finished-at="2018-10-24T11:40:32Z">
          <reporter-output>
          </reporter-output>
        </test-method> <!-- close -->
        <test-method status="PASS" signature="setup()[pri:0, instance:com.jdTouch.testcases.ContextualMenuTest@4157f54e]" name="setup" is-config="true" duration-ms="10192" started-at="2018-10-24T11:41:01Z" finished-at="2018-10-24T11:41:11Z">
          <reporter-output>
          </reporter-output>
        </test-method> <!-- setup -->
        <test-method status="PASS" signature="TestOthersPage()[pri:0, instance:com.jdTouch.testcases.ContextualMenuTest@4157f54e]" name="TestOthersPage" duration-ms="1308" started-at="2018-10-24T11:41:11Z" finished-at="2018-10-24T11:41:13Z">
          <reporter-output>
          </reporter-output>
        </test-method> <!-- TestOthersPage -->
        <test-method status="PASS" signature="close()[pri:0, instance:com.jdTouch.testcases.ContextualMenuTest@4157f54e]" name="close" is-config="true" duration-ms="646" started-at="2018-10-24T11:41:13Z" finished-at="2018-10-24T11:41:13Z">
          <reporter-output>
          </reporter-output>
        </test-method> <!-- close -->
        <test-method status="PASS" signature="setup()[pri:0, instance:com.jdTouch.testcases.ContextualMenuTest@4157f54e]" name="setup" is-config="true" duration-ms="10319" started-at="2018-10-24T11:41:58Z" finished-at="2018-10-24T11:42:08Z">
          <reporter-output>
          </reporter-output>
        </test-method> <!-- setup -->
        <test-method status="PASS" signature="TestOthersBack()[pri:0, instance:com.jdTouch.testcases.ContextualMenuTest@4157f54e]" name="TestOthersBack" duration-ms="1468" started-at="2018-10-24T11:42:08Z" finished-at="2018-10-24T11:42:10Z">
          <reporter-output>
          </reporter-output>
        </test-method> <!-- TestOthersBack -->
        <test-method status="PASS" signature="close()[pri:0, instance:com.jdTouch.testcases.ContextualMenuTest@4157f54e]" name="close" is-config="true" duration-ms="738" started-at="2018-10-24T11:42:10Z" finished-at="2018-10-24T11:42:10Z">
          <reporter-output>
          </reporter-output>
        </test-method> <!-- close -->
        <test-method status="PASS" signature="setup()[pri:0, instance:com.jdTouch.testcases.ContextualMenuTest@4157f54e]" name="setup" is-config="true" duration-ms="10981" started-at="2018-10-24T11:42:10Z" finished-at="2018-10-24T11:42:21Z">
          <reporter-output>
          </reporter-output>
        </test-method> <!-- setup -->
        <test-method status="PASS" signature="TestOthersNotification()[pri:0, instance:com.jdTouch.testcases.ContextualMenuTest@4157f54e]" name="TestOthersNotification" duration-ms="2297" started-at="2018-10-24T11:42:21Z" finished-at="2018-10-24T11:42:24Z">
          <reporter-output>
          </reporter-output>
        </test-method> <!-- TestOthersNotification -->
        <test-method status="PASS" signature="close()[pri:0, instance:com.jdTouch.testcases.ContextualMenuTest@4157f54e]" name="close" is-config="true" duration-ms="707" started-at="2018-10-24T11:42:24Z" finished-at="2018-10-24T11:42:24Z">
          <reporter-output>
          </reporter-output>
        </test-method> <!-- close -->
        <test-method status="PASS" signature="setup()[pri:0, instance:com.jdTouch.testcases.ContextualMenuTest@4157f54e]" name="setup" is-config="true" duration-ms="10783" started-at="2018-10-24T11:42:24Z" finished-at="2018-10-24T11:42:35Z">
          <reporter-output>
          </reporter-output>
        </test-method> <!-- setup -->
        <test-method status="PASS" signature="TestOthersFreelisting()[pri:0, instance:com.jdTouch.testcases.ContextualMenuTest@4157f54e]" name="TestOthersFreelisting" duration-ms="2588" started-at="2018-10-24T11:42:35Z" finished-at="2018-10-24T11:42:38Z">
          <reporter-output>
          </reporter-output>
        </test-method> <!-- TestOthersFreelisting -->
        <test-method status="PASS" signature="close()[pri:0, instance:com.jdTouch.testcases.ContextualMenuTest@4157f54e]" name="close" is-config="true" duration-ms="670" started-at="2018-10-24T11:42:38Z" finished-at="2018-10-24T11:42:38Z">
          <reporter-output>
          </reporter-output>
        </test-method> <!-- close -->
        <test-method status="PASS" signature="setup()[pri:0, instance:com.jdTouch.testcases.ContextualMenuTest@4157f54e]" name="setup" is-config="true" duration-ms="8187" started-at="2018-10-24T11:42:38Z" finished-at="2018-10-24T11:42:47Z">
          <reporter-output>
          </reporter-output>
        </test-method> <!-- setup -->
        <test-method status="PASS" signature="TestOthersFeedback()[pri:0, instance:com.jdTouch.testcases.ContextualMenuTest@4157f54e]" name="TestOthersFeedback" duration-ms="3432" started-at="2018-10-24T11:42:47Z" finished-at="2018-10-24T11:42:50Z">
          <reporter-output>
          </reporter-output>
        </test-method> <!-- TestOthersFeedback -->
        <test-method status="PASS" signature="close()[pri:0, instance:com.jdTouch.testcases.ContextualMenuTest@4157f54e]" name="close" is-config="true" duration-ms="1006" started-at="2018-10-24T11:42:50Z" finished-at="2018-10-24T11:42:51Z">
          <reporter-output>
          </reporter-output>
        </test-method> <!-- close -->
        <test-method status="PASS" signature="setup()[pri:0, instance:com.jdTouch.testcases.ContextualMenuTest@4157f54e]" name="setup" is-config="true" duration-ms="8818" started-at="2018-10-24T11:42:51Z" finished-at="2018-10-24T11:43:00Z">
          <reporter-output>
          </reporter-output>
        </test-method> <!-- setup -->
        <test-method status="PASS" signature="TestTestimonials()[pri:0, instance:com.jdTouch.testcases.ContextualMenuTest@4157f54e]" name="TestTestimonials" duration-ms="3694" started-at="2018-10-24T11:43:00Z" finished-at="2018-10-24T11:43:03Z">
          <reporter-output>
          </reporter-output>
        </test-method> <!-- TestTestimonials -->
        <test-method status="PASS" signature="close()[pri:0, instance:com.jdTouch.testcases.ContextualMenuTest@4157f54e]" name="close" is-config="true" duration-ms="669" started-at="2018-10-24T11:43:03Z" finished-at="2018-10-24T11:43:04Z">
          <reporter-output>
          </reporter-output>
        </test-method> <!-- close -->
        <test-method status="PASS" signature="setup()[pri:0, instance:com.jdTouch.testcases.ContextualMenuTest@4157f54e]" name="setup" is-config="true" duration-ms="10184" started-at="2018-10-24T11:43:04Z" finished-at="2018-10-24T11:43:14Z">
          <reporter-output>
          </reporter-output>
        </test-method> <!-- setup -->
        <test-method status="PASS" signature="TestDownloadJdapp()[pri:0, instance:com.jdTouch.testcases.ContextualMenuTest@4157f54e]" name="TestDownloadJdapp" duration-ms="3325" started-at="2018-10-24T11:43:14Z" finished-at="2018-10-24T11:43:18Z">
          <reporter-output>
          </reporter-output>
        </test-method> <!-- TestDownloadJdapp -->
        <test-method status="PASS" signature="close()[pri:0, instance:com.jdTouch.testcases.ContextualMenuTest@4157f54e]" name="close" is-config="true" duration-ms="769" started-at="2018-10-24T11:43:18Z" finished-at="2018-10-24T11:43:18Z">
          <reporter-output>
          </reporter-output>
        </test-method> <!-- close -->
        <test-method status="PASS" signature="setup()[pri:0, instance:com.jdTouch.testcases.ContextualMenuTest@4157f54e]" name="setup" is-config="true" duration-ms="10978" started-at="2018-10-24T11:43:18Z" finished-at="2018-10-24T11:43:29Z">
          <reporter-output>
          </reporter-output>
        </test-method> <!-- setup -->
        <test-method status="PASS" signature="TestOthersWhoareWe()[pri:0, instance:com.jdTouch.testcases.ContextualMenuTest@4157f54e]" name="TestOthersWhoareWe" duration-ms="4655" started-at="2018-10-24T11:43:29Z" finished-at="2018-10-24T11:43:34Z">
          <reporter-output>
          </reporter-output>
        </test-method> <!-- TestOthersWhoareWe -->
        <test-method status="PASS" signature="close()[pri:0, instance:com.jdTouch.testcases.ContextualMenuTest@4157f54e]" name="close" is-config="true" duration-ms="696" started-at="2018-10-24T11:43:34Z" finished-at="2018-10-24T11:43:35Z">
          <reporter-output>
          </reporter-output>
        </test-method> <!-- close -->
        <test-method status="PASS" signature="setup()[pri:0, instance:com.jdTouch.testcases.ContextualMenuTest@4157f54e]" name="setup" is-config="true" duration-ms="16477" started-at="2018-10-24T11:43:35Z" finished-at="2018-10-24T11:43:51Z">
          <reporter-output>
          </reporter-output>
        </test-method> <!-- setup -->
        <test-method status="PASS" signature="TestPolicies()[pri:0, instance:com.jdTouch.testcases.ContextualMenuTest@4157f54e]" name="TestPolicies" duration-ms="2109" started-at="2018-10-24T11:43:51Z" finished-at="2018-10-24T11:43:53Z">
          <reporter-output>
          </reporter-output>
        </test-method> <!-- TestPolicies -->
        <test-method status="PASS" signature="close()[pri:0, instance:com.jdTouch.testcases.ContextualMenuTest@4157f54e]" name="close" is-config="true" duration-ms="651" started-at="2018-10-24T11:43:53Z" finished-at="2018-10-24T11:43:54Z">
          <reporter-output>
          </reporter-output>
        </test-method> <!-- close -->
        <test-method status="PASS" signature="setup()[pri:0, instance:com.jdTouch.testcases.ContextualMenuTest@4157f54e]" name="setup" is-config="true" duration-ms="8322" started-at="2018-10-24T11:43:54Z" finished-at="2018-10-24T11:44:02Z">
          <reporter-output>
          </reporter-output>
        </test-method> <!-- setup -->
        <test-method status="PASS" signature="TestOtherTermsOfUse()[pri:0, instance:com.jdTouch.testcases.ContextualMenuTest@4157f54e]" name="TestOtherTermsOfUse" duration-ms="4232" started-at="2018-10-24T11:44:02Z" finished-at="2018-10-24T11:44:07Z">
          <reporter-output>
          </reporter-output>
        </test-method> <!-- TestOtherTermsOfUse -->
        <test-method status="PASS" signature="close()[pri:0, instance:com.jdTouch.testcases.ContextualMenuTest@4157f54e]" name="close" is-config="true" duration-ms="1054" started-at="2018-10-24T11:44:07Z" finished-at="2018-10-24T11:44:08Z">
          <reporter-output>
          </reporter-output>
        </test-method> <!-- close -->
        <test-method status="PASS" signature="setup()[pri:0, instance:com.jdTouch.testcases.ContextualMenuTest@4157f54e]" name="setup" is-config="true" duration-ms="9416" started-at="2018-10-24T11:44:08Z" finished-at="2018-10-24T11:44:17Z">
          <reporter-output>
          </reporter-output>
        </test-method> <!-- setup -->
        <test-method status="PASS" signature="TestOtherInfringementPolicy()[pri:0, instance:com.jdTouch.testcases.ContextualMenuTest@4157f54e]" name="TestOtherInfringementPolicy" duration-ms="3222" started-at="2018-10-24T11:44:17Z" finished-at="2018-10-24T11:44:20Z">
          <reporter-output>
          </reporter-output>
        </test-method> <!-- TestOtherInfringementPolicy -->
        <test-method status="PASS" signature="close()[pri:0, instance:com.jdTouch.testcases.ContextualMenuTest@4157f54e]" name="close" is-config="true" duration-ms="717" started-at="2018-10-24T11:44:20Z" finished-at="2018-10-24T11:44:21Z">
          <reporter-output>
          </reporter-output>
        </test-method> <!-- close -->
        <test-method status="PASS" signature="setup()[pri:0, instance:com.jdTouch.testcases.ContextualMenuTest@4157f54e]" name="setup" is-config="true" duration-ms="8213" started-at="2018-10-24T11:44:21Z" finished-at="2018-10-24T11:44:29Z">
          <reporter-output>
          </reporter-output>
        </test-method> <!-- setup -->
        <test-method status="PASS" signature="TestOtherContactUs()[pri:0, instance:com.jdTouch.testcases.ContextualMenuTest@4157f54e]" name="TestOtherContactUs" duration-ms="2797" started-at="2018-10-24T11:44:29Z" finished-at="2018-10-24T11:44:32Z">
          <reporter-output>
          </reporter-output>
        </test-method> <!-- TestOtherContactUs -->
        <test-method status="PASS" signature="close()[pri:0, instance:com.jdTouch.testcases.ContextualMenuTest@4157f54e]" name="close" is-config="true" duration-ms="655" started-at="2018-10-24T11:44:32Z" finished-at="2018-10-24T11:44:33Z">
          <reporter-output>
          </reporter-output>
        </test-method> <!-- close -->
        <test-method status="PASS" signature="setup()[pri:0, instance:com.jdTouch.testcases.ContextualMenuTest@4157f54e]" name="setup" is-config="true" duration-ms="15397" started-at="2018-10-24T11:44:33Z" finished-at="2018-10-24T11:44:48Z">
          <reporter-output>
          </reporter-output>
        </test-method> <!-- setup -->
        <test-method status="PASS" signature="TestLoginPageSubmitButton()[pri:0, instance:com.jdTouch.testcases.ContextualMenuTest@4157f54e]" name="TestLoginPageSubmitButton" duration-ms="1562" started-at="2018-10-24T11:44:48Z" finished-at="2018-10-24T11:44:50Z">
          <reporter-output>
          </reporter-output>
        </test-method> <!-- TestLoginPageSubmitButton -->
        <test-method status="PASS" signature="close()[pri:0, instance:com.jdTouch.testcases.ContextualMenuTest@4157f54e]" name="close" is-config="true" duration-ms="780" started-at="2018-10-24T11:44:50Z" finished-at="2018-10-24T11:44:50Z">
          <reporter-output>
          </reporter-output>
        </test-method> <!-- close -->
        <test-method status="PASS" signature="setup()[pri:0, instance:com.jdTouch.testcases.ContextualMenuTest@4157f54e]" name="setup" is-config="true" duration-ms="11644" started-at="2018-10-24T11:44:50Z" finished-at="2018-10-24T11:45:02Z">
          <reporter-output>
          </reporter-output>
        </test-method> <!-- setup -->
        <test-method status="PASS" signature="TestLoginFunctionality()[pri:0, instance:com.jdTouch.testcases.ContextualMenuTest@4157f54e]" name="TestLoginFunctionality" duration-ms="4099" started-at="2018-10-24T11:45:02Z" finished-at="2018-10-24T11:45:06Z">
          <reporter-output>
          </reporter-output>
        </test-method> <!-- TestLoginFunctionality -->
        <test-method status="PASS" signature="close()[pri:0, instance:com.jdTouch.testcases.ContextualMenuTest@4157f54e]" name="close" is-config="true" duration-ms="672" started-at="2018-10-24T11:45:06Z" finished-at="2018-10-24T11:45:07Z">
          <reporter-output>
          </reporter-output>
        </test-method> <!-- close -->
        <test-method status="PASS" signature="setup()[pri:0, instance:com.jdTouch.testcases.ContextualMenuTest@4157f54e]" name="setup" is-config="true" duration-ms="8553" started-at="2018-10-24T11:45:07Z" finished-at="2018-10-24T11:45:15Z">
          <reporter-output>
          </reporter-output>
        </test-method> <!-- setup -->
        <test-method status="PASS" signature="TestFavoritesPageLoggedinflow()[pri:0, instance:com.jdTouch.testcases.ContextualMenuTest@4157f54e]" name="TestFavoritesPageLoggedinflow" duration-ms="4496" started-at="2018-10-24T11:45:15Z" finished-at="2018-10-24T11:45:20Z">
          <reporter-output>
          </reporter-output>
        </test-method> <!-- TestFavoritesPageLoggedinflow -->
        <test-method status="PASS" signature="close()[pri:0, instance:com.jdTouch.testcases.ContextualMenuTest@4157f54e]" name="close" is-config="true" duration-ms="613" started-at="2018-10-24T11:45:20Z" finished-at="2018-10-24T11:45:20Z">
          <reporter-output>
          </reporter-output>
        </test-method> <!-- close -->
        <test-method status="PASS" signature="setup()[pri:0, instance:com.jdTouch.testcases.ContextualMenuTest@4157f54e]" name="setup" is-config="true" duration-ms="9114" started-at="2018-10-24T11:45:20Z" finished-at="2018-10-24T11:45:30Z">
          <reporter-output>
          </reporter-output>
        </test-method> <!-- setup -->
        <test-method status="FAIL" signature="TestMyInterestPageLoggedinflow()[pri:0, instance:com.jdTouch.testcases.ContextualMenuTest@4157f54e]" name="TestMyInterestPageLoggedinflow" duration-ms="13957" started-at="2018-10-24T11:45:30Z" finished-at="2018-10-24T11:45:44Z">
          <exception class="org.openqa.selenium.NoSuchElementException">
            <message>
              <![CDATA[no such element: Unable to locate element: {"method":"xpath","selector":"//span[contains(@class,'list-title') and contains(text(),'Movies')]"}
  (Session info: chrome=69.0.3497.100)
  (Driver info: chromedriver=2.38.552522 (437e6fbedfa8762dec75e2c5b3ddb86763dc9dcb),platform=Windows NT 6.1.7601 SP1 x86_64) (WARNING: The server did not provide any stacktrace information)
Command duration or timeout: 0 milliseconds
For documentation on this error, please visit: http://seleniumhq.org/exceptions/no_such_element.html
Build info: version: '3.14.0', revision: 'aacccce0', time: '2018-08-02T20:19:58.91Z'
System info: host: 'BLR-SOFT--68', ip: '172.29.87.68', os.name: 'Windows 7', os.arch: 'amd64', os.version: '6.1', java.version: '1.8.0_152'
Driver info: org.openqa.selenium.chrome.ChromeDriver
Capabilities {acceptInsecureCerts: false, acceptSslCerts: false, applicationCacheEnabled: false, browserConnectionEnabled: false, browserName: chrome, chrome: {chromedriverVersion: 2.38.552522 (437e6fbedfa876..., userDataDir: C:\Windows\TEMP\scoped_dir4...}, cssSelectorsEnabled: true, databaseEnabled: false, handlesAlerts: true, hasTouchScreen: false, javascriptEnabled: true, locationContextEnabled: true, mobileEmulationEnabled: false, nativeEvents: true, networkConnectionEnabled: false, pageLoadStrategy: normal, platform: XP, platformName: XP, rotatable: false, setWindowRect: true, takesHeapSnapshot: true, takesScreenshot: true, unexpectedAlertBehaviour: , unhandledPromptBehavior: , version: 69.0.3497.100, webStorageEnabled: true}
Session ID: de0d2ca3bbebb846d7101f8eaa4f1820
*** Element info: {Using=xpath, value=//span[contains(@class,'list-title') and contains(text(),'Movies')]}]]>
            </message>
            <full-stacktrace>
              <![CDATA[org.openqa.selenium.NoSuchElementException: no such element: Unable to locate element: {"method":"xpath","selector":"//span[contains(@class,'list-title') and contains(text(),'Movies')]"}
  (Session info: chrome=69.0.3497.100)
  (Driver info: chromedriver=2.38.552522 (437e6fbedfa8762dec75e2c5b3ddb86763dc9dcb),platform=Windows NT 6.1.7601 SP1 x86_64) (WARNING: The server did not provide any stacktrace information)
Command duration or timeout: 0 milliseconds
For documentation on this error, please visit: http://seleniumhq.org/exceptions/no_such_element.html
Build info: version: '3.14.0', revision: 'aacccce0', time: '2018-08-02T20:19:58.91Z'
System info: host: 'BLR-SOFT--68', ip: '172.29.87.68', os.name: 'Windows 7', os.arch: 'amd64', os.version: '6.1', java.version: '1.8.0_152'
Driver info: org.openqa.selenium.chrome.ChromeDriver
Capabilities {acceptInsecureCerts: false, acceptSslCerts: false, applicationCacheEnabled: false, browserConnectionEnabled: false, browserName: chrome, chrome: {chromedriverVersion: 2.38.552522 (437e6fbedfa876..., userDataDir: C:\Windows\TEMP\scoped_dir4...}, cssSelectorsEnabled: true, databaseEnabled: false, handlesAlerts: true, hasTouchScreen: false, javascriptEnabled: true, locationContextEnabled: true, mobileEmulationEnabled: false, nativeEvents: true, networkConnectionEnabled: false, pageLoadStrategy: normal, platform: XP, platformName: XP, rotatable: false, setWindowRect: true, takesHeapSnapshot: true, takesScreenshot: true, unexpectedAlertBehaviour: , unhandledPromptBehavior: , version: 69.0.3497.100, webStorageEnabled: true}
Session ID: de0d2ca3bbebb846d7101f8eaa4f1820
*** Element info: {Using=xpath, value=//span[contains(@class,'list-title') and contains(text(),'Movies')]}
	at sun.reflect.NativeConstructorAccessorImpl.newInstance0(Native Method)
	at sun.reflect.NativeConstructorAccessorImpl.newInstance(NativeConstructorAccessorImpl.java:62)
	at sun.reflect.DelegatingConstructorAccessorImpl.newInstance(DelegatingConstructorAccessorImpl.java:45)
	at java.lang.reflect.Constructor.newInstance(Constructor.java:423)
	at org.openqa.selenium.remote.ErrorHandler.createThrowable(ErrorHandler.java:214)
	at org.openqa.selenium.remote.ErrorHandler.throwIfResponseFailed(ErrorHandler.java:166)
	at org.openqa.selenium.remote.http.JsonHttpResponseCodec.reconstructValue(JsonHttpResponseCodec.java:40)
	at org.openqa.selenium.remote.http.AbstractHttpResponseCodec.decode(AbstractHttpResponseCodec.java:80)
	at org.openqa.selenium.remote.http.AbstractHttpResponseCodec.decode(AbstractHttpResponseCodec.java:44)
	at org.openqa.selenium.remote.HttpCommandExecutor.execute(HttpCommandExecutor.java:158)
	at org.openqa.selenium.remote.service.DriverCommandExecutor.execute(DriverCommandExecutor.java:83)
	at org.openqa.selenium.remote.RemoteWebDriver.execute(RemoteWebDriver.java:548)
	at org.openqa.selenium.remote.RemoteWebDriver.findElement(RemoteWebDriver.java:322)
	at org.openqa.selenium.remote.RemoteWebDriver.findElementByXPath(RemoteWebDriver.java:424)
	at org.openqa.selenium.By$ByXPath.findElement(By.java:353)
	at org.openqa.selenium.remote.RemoteWebDriver.findElement(RemoteWebDriver.java:314)
	at org.openqa.selenium.support.pagefactory.DefaultElementLocator.findElement(DefaultElementLocator.java:69)
	at org.openqa.selenium.support.pagefactory.internal.LocatingElementHandler.invoke(LocatingElementHandler.java:38)
	at com.sun.proxy.$Proxy10.isDisplayed(Unknown Source)
	at com.jdTouch.pages.ContextualMenu.checkMyInterestLoggedin(ContextualMenu.java:479)
	at com.jdTouch.testcases.ContextualMenuTest.TestMyInterestPageLoggedinflow(ContextualMenuTest.java:177)
	at sun.reflect.NativeMethodAccessorImpl.invoke0(Native Method)
	at sun.reflect.NativeMethodAccessorImpl.invoke(NativeMethodAccessorImpl.java:62)
	at sun.reflect.DelegatingMethodAccessorImpl.invoke(DelegatingMethodAccessorImpl.java:43)
	at java.lang.reflect.Method.invoke(Method.java:498)
	at org.testng.internal.MethodInvocationHelper.invokeMethod(MethodInvocationHelper.java:80)
	at org.testng.internal.Invoker.invokeMethod(Invoker.java:714)
	at org.testng.internal.Invoker.invokeTestMethod(Invoker.java:901)
	at org.testng.internal.Invoker.invokeTestMethods(Invoker.java:1231)
	at org.testng.internal.TestMethodWorker.invokeTestMethods(TestMethodWorker.java:127)
	at org.testng.internal.TestMethodWorker.run(TestMethodWorker.java:111)
	at org.testng.TestRunner.privateRun(TestRunner.java:767)
	at org.testng.TestRunner.run(TestRunner.java:617)
	at org.testng.SuiteRunner.runTest(SuiteRunner.java:334)
	at org.testng.SuiteRunner.runSequentially(SuiteRunner.java:329)
	at org.testng.SuiteRunner.privateRun(SuiteRunner.java:291)
	at org.testng.SuiteRunner.run(SuiteRunner.java:240)
	at org.testng.SuiteRunnerWorker.runSuite(SuiteRunnerWorker.java:52)
	at org.testng.SuiteRunnerWorker.run(SuiteRunnerWorker.java:86)
	at org.testng.TestNG.runSuitesSequentially(TestNG.java:1198)
	at org.testng.TestNG.runSuitesLocally(TestNG.java:1123)
	at org.testng.TestNG.run(TestNG.java:1031)
	at org.apache.maven.surefire.testng.TestNGExecutor.run(TestNGExecutor.java:77)
	at org.apache.maven.surefire.testng.TestNGDirectoryTestSuite.executeMulti(TestNGDirectoryTestSuite.java:159)
	at org.apache.maven.surefire.testng.TestNGDirectoryTestSuite.execute(TestNGDirectoryTestSuite.java:99)
	at org.apache.maven.surefire.testng.TestNGProvider.invoke(TestNGProvider.java:106)
	at sun.reflect.NativeMethodAccessorImpl.invoke0(Native Method)
	at sun.reflect.NativeMethodAccessorImpl.invoke(NativeMethodAccessorImpl.java:62)
	at sun.reflect.DelegatingMethodAccessorImpl.invoke(DelegatingMethodAccessorImpl.java:43)
	at java.lang.reflect.Method.invoke(Method.java:498)
	at org.apache.maven.surefire.util.ReflectionUtils.invokeMethodWithArray(ReflectionUtils.java:189)
	at org.apache.maven.surefire.booter.ProviderFactory$ProviderProxy.invoke(ProviderFactory.java:165)
	at org.apache.maven.surefire.booter.ProviderFactory.invokeProvider(ProviderFactory.java:85)
	at org.apache.maven.surefire.booter.ForkedBooter.runSuitesInProcess(ForkedBooter.java:115)
	at org.apache.maven.surefire.booter.ForkedBooter.main(ForkedBooter.java:75)
]]>
            </full-stacktrace>
          </exception> <!-- org.openqa.selenium.NoSuchElementException -->
          <reporter-output>
          </reporter-output>
        </test-method> <!-- TestMyInterestPageLoggedinflow -->
        <test-method status="PASS" signature="close()[pri:0, instance:com.jdTouch.testcases.ContextualMenuTest@4157f54e]" name="close" is-config="true" duration-ms="643" started-at="2018-10-24T11:45:44Z" finished-at="2018-10-24T11:45:44Z">
          <reporter-output>
          </reporter-output>
        </test-method> <!-- close -->
        <test-method status="PASS" signature="setup()[pri:0, instance:com.jdTouch.testcases.ContextualMenuTest@4157f54e]" name="setup" is-config="true" duration-ms="11355" started-at="2018-10-24T11:45:44Z" finished-at="2018-10-24T11:45:56Z">
          <reporter-output>
          </reporter-output>
        </test-method> <!-- setup -->
        <test-method status="PASS" signature="TestMyTransactionPageLoggedinflow()[pri:0, instance:com.jdTouch.testcases.ContextualMenuTest@4157f54e]" name="TestMyTransactionPageLoggedinflow" duration-ms="6093" started-at="2018-10-24T11:45:56Z" finished-at="2018-10-24T11:46:02Z">
          <reporter-output>
          </reporter-output>
        </test-method> <!-- TestMyTransactionPageLoggedinflow -->
        <test-method status="PASS" signature="close()[pri:0, instance:com.jdTouch.testcases.ContextualMenuTest@4157f54e]" name="close" is-config="true" duration-ms="690" started-at="2018-10-24T11:46:02Z" finished-at="2018-10-24T11:46:02Z">
          <reporter-output>
          </reporter-output>
        </test-method> <!-- close -->
        <test-method status="PASS" signature="setup()[pri:0, instance:com.jdTouch.testcases.ContextualMenuTest@4157f54e]" name="setup" is-config="true" duration-ms="8728" started-at="2018-10-24T11:46:02Z" finished-at="2018-10-24T11:46:11Z">
          <reporter-output>
          </reporter-output>
        </test-method> <!-- setup -->
        <test-method status="FAIL" signature="TestFeedbackPageLoggedinflow()[pri:0, instance:com.jdTouch.testcases.ContextualMenuTest@4157f54e]" name="TestFeedbackPageLoggedinflow" duration-ms="15311" started-at="2018-10-24T11:46:11Z" finished-at="2018-10-24T11:46:26Z">
          <exception class="org.openqa.selenium.NoSuchElementException">
            <message>
              <![CDATA[no such element: Unable to locate element: {"method":"xpath","selector":"//a[@class='tbhdr act' and @id='ratings']"}
  (Session info: chrome=69.0.3497.100)
  (Driver info: chromedriver=2.38.552522 (437e6fbedfa8762dec75e2c5b3ddb86763dc9dcb),platform=Windows NT 6.1.7601 SP1 x86_64) (WARNING: The server did not provide any stacktrace information)
Command duration or timeout: 0 milliseconds
For documentation on this error, please visit: http://seleniumhq.org/exceptions/no_such_element.html
Build info: version: '3.14.0', revision: 'aacccce0', time: '2018-08-02T20:19:58.91Z'
System info: host: 'BLR-SOFT--68', ip: '172.29.87.68', os.name: 'Windows 7', os.arch: 'amd64', os.version: '6.1', java.version: '1.8.0_152'
Driver info: org.openqa.selenium.chrome.ChromeDriver
Capabilities {acceptInsecureCerts: false, acceptSslCerts: false, applicationCacheEnabled: false, browserConnectionEnabled: false, browserName: chrome, chrome: {chromedriverVersion: 2.38.552522 (437e6fbedfa876..., userDataDir: C:\Windows\TEMP\scoped_dir9...}, cssSelectorsEnabled: true, databaseEnabled: false, handlesAlerts: true, hasTouchScreen: false, javascriptEnabled: true, locationContextEnabled: true, mobileEmulationEnabled: false, nativeEvents: true, networkConnectionEnabled: false, pageLoadStrategy: normal, platform: XP, platformName: XP, rotatable: false, setWindowRect: true, takesHeapSnapshot: true, takesScreenshot: true, unexpectedAlertBehaviour: , unhandledPromptBehavior: , version: 69.0.3497.100, webStorageEnabled: true}
Session ID: b9172fd669f78505c153119ab86c6901
*** Element info: {Using=xpath, value=//a[@class='tbhdr act' and @id='ratings']}]]>
            </message>
            <full-stacktrace>
              <![CDATA[org.openqa.selenium.NoSuchElementException: no such element: Unable to locate element: {"method":"xpath","selector":"//a[@class='tbhdr act' and @id='ratings']"}
  (Session info: chrome=69.0.3497.100)
  (Driver info: chromedriver=2.38.552522 (437e6fbedfa8762dec75e2c5b3ddb86763dc9dcb),platform=Windows NT 6.1.7601 SP1 x86_64) (WARNING: The server did not provide any stacktrace information)
Command duration or timeout: 0 milliseconds
For documentation on this error, please visit: http://seleniumhq.org/exceptions/no_such_element.html
Build info: version: '3.14.0', revision: 'aacccce0', time: '2018-08-02T20:19:58.91Z'
System info: host: 'BLR-SOFT--68', ip: '172.29.87.68', os.name: 'Windows 7', os.arch: 'amd64', os.version: '6.1', java.version: '1.8.0_152'
Driver info: org.openqa.selenium.chrome.ChromeDriver
Capabilities {acceptInsecureCerts: false, acceptSslCerts: false, applicationCacheEnabled: false, browserConnectionEnabled: false, browserName: chrome, chrome: {chromedriverVersion: 2.38.552522 (437e6fbedfa876..., userDataDir: C:\Windows\TEMP\scoped_dir9...}, cssSelectorsEnabled: true, databaseEnabled: false, handlesAlerts: true, hasTouchScreen: false, javascriptEnabled: true, locationContextEnabled: true, mobileEmulationEnabled: false, nativeEvents: true, networkConnectionEnabled: false, pageLoadStrategy: normal, platform: XP, platformName: XP, rotatable: false, setWindowRect: true, takesHeapSnapshot: true, takesScreenshot: true, unexpectedAlertBehaviour: , unhandledPromptBehavior: , version: 69.0.3497.100, webStorageEnabled: true}
Session ID: b9172fd669f78505c153119ab86c6901
*** Element info: {Using=xpath, value=//a[@class='tbhdr act' and @id='ratings']}
	at sun.reflect.NativeConstructorAccessorImpl.newInstance0(Native Method)
	at sun.reflect.NativeConstructorAccessorImpl.newInstance(NativeConstructorAccessorImpl.java:62)
	at sun.reflect.DelegatingConstructorAccessorImpl.newInstance(DelegatingConstructorAccessorImpl.java:45)
	at java.lang.reflect.Constructor.newInstance(Constructor.java:423)
	at org.openqa.selenium.remote.ErrorHandler.createThrowable(ErrorHandler.java:214)
	at org.openqa.selenium.remote.ErrorHandler.throwIfResponseFailed(ErrorHandler.java:166)
	at org.openqa.selenium.remote.http.JsonHttpResponseCodec.reconstructValue(JsonHttpResponseCodec.java:40)
	at org.openqa.selenium.remote.http.AbstractHttpResponseCodec.decode(AbstractHttpResponseCodec.java:80)
	at org.openqa.selenium.remote.http.AbstractHttpResponseCodec.decode(AbstractHttpResponseCodec.java:44)
	at org.openqa.selenium.remote.HttpCommandExecutor.execute(HttpCommandExecutor.java:158)
	at org.openqa.selenium.remote.service.DriverCommandExecutor.execute(DriverCommandExecutor.java:83)
	at org.openqa.selenium.remote.RemoteWebDriver.execute(RemoteWebDriver.java:548)
	at org.openqa.selenium.remote.RemoteWebDriver.findElement(RemoteWebDriver.java:322)
	at org.openqa.selenium.remote.RemoteWebDriver.findElementByXPath(RemoteWebDriver.java:424)
	at org.openqa.selenium.By$ByXPath.findElement(By.java:353)
	at org.openqa.selenium.remote.RemoteWebDriver.findElement(RemoteWebDriver.java:314)
	at org.openqa.selenium.support.pagefactory.DefaultElementLocator.findElement(DefaultElementLocator.java:69)
	at org.openqa.selenium.support.pagefactory.internal.LocatingElementHandler.invoke(LocatingElementHandler.java:38)
	at com.sun.proxy.$Proxy10.isDisplayed(Unknown Source)
	at com.jdTouch.pages.ContextualMenu.checkFeedbackLoggedin(ContextualMenu.java:512)
	at com.jdTouch.testcases.ContextualMenuTest.TestFeedbackPageLoggedinflow(ContextualMenuTest.java:187)
	at sun.reflect.NativeMethodAccessorImpl.invoke0(Native Method)
	at sun.reflect.NativeMethodAccessorImpl.invoke(NativeMethodAccessorImpl.java:62)
	at sun.reflect.DelegatingMethodAccessorImpl.invoke(DelegatingMethodAccessorImpl.java:43)
	at java.lang.reflect.Method.invoke(Method.java:498)
	at org.testng.internal.MethodInvocationHelper.invokeMethod(MethodInvocationHelper.java:80)
	at org.testng.internal.Invoker.invokeMethod(Invoker.java:714)
	at org.testng.internal.Invoker.invokeTestMethod(Invoker.java:901)
	at org.testng.internal.Invoker.invokeTestMethods(Invoker.java:1231)
	at org.testng.internal.TestMethodWorker.invokeTestMethods(TestMethodWorker.java:127)
	at org.testng.internal.TestMethodWorker.run(TestMethodWorker.java:111)
	at org.testng.TestRunner.privateRun(TestRunner.java:767)
	at org.testng.TestRunner.run(TestRunner.java:617)
	at org.testng.SuiteRunner.runTest(SuiteRunner.java:334)
	at org.testng.SuiteRunner.runSequentially(SuiteRunner.java:329)
	at org.testng.SuiteRunner.privateRun(SuiteRunner.java:291)
	at org.testng.SuiteRunner.run(SuiteRunner.java:240)
	at org.testng.SuiteRunnerWorker.runSuite(SuiteRunnerWorker.java:52)
	at org.testng.SuiteRunnerWorker.run(SuiteRunnerWorker.java:86)
	at org.testng.TestNG.runSuitesSequentially(TestNG.java:1198)
	at org.testng.TestNG.runSuitesLocally(TestNG.java:1123)
	at org.testng.TestNG.run(TestNG.java:1031)
	at org.apache.maven.surefire.testng.TestNGExecutor.run(TestNGExecutor.java:77)
	at org.apache.maven.surefire.testng.TestNGDirectoryTestSuite.executeMulti(TestNGDirectoryTestSuite.java:159)
	at org.apache.maven.surefire.testng.TestNGDirectoryTestSuite.execute(TestNGDirectoryTestSuite.java:99)
	at org.apache.maven.surefire.testng.TestNGProvider.invoke(TestNGProvider.java:106)
	at sun.reflect.NativeMethodAccessorImpl.invoke0(Native Method)
	at sun.reflect.NativeMethodAccessorImpl.invoke(NativeMethodAccessorImpl.java:62)
	at sun.reflect.DelegatingMethodAccessorImpl.invoke(DelegatingMethodAccessorImpl.java:43)
	at java.lang.reflect.Method.invoke(Method.java:498)
	at org.apache.maven.surefire.util.ReflectionUtils.invokeMethodWithArray(ReflectionUtils.java:189)
	at org.apache.maven.surefire.booter.ProviderFactory$ProviderProxy.invoke(ProviderFactory.java:165)
	at org.apache.maven.surefire.booter.ProviderFactory.invokeProvider(ProviderFactory.java:85)
	at org.apache.maven.surefire.booter.ForkedBooter.runSuitesInProcess(ForkedBooter.java:115)
	at org.apache.maven.surefire.booter.ForkedBooter.main(ForkedBooter.java:75)
]]>
            </full-stacktrace>
          </exception> <!-- org.openqa.selenium.NoSuchElementException -->
          <reporter-output>
          </reporter-output>
        </test-method> <!-- TestFeedbackPageLoggedinflow -->
        <test-method status="PASS" signature="close()[pri:0, instance:com.jdTouch.testcases.ContextualMenuTest@4157f54e]" name="close" is-config="true" duration-ms="650" started-at="2018-10-24T11:46:26Z" finished-at="2018-10-24T11:46:27Z">
          <reporter-output>
          </reporter-output>
        </test-method> <!-- close -->
      </class> <!-- com.jdTouch.testcases.ContextualMenuTest -->
      <class name="com.jdTouch.testcases.HomePageTest">
        <test-method status="PASS" signature="setup()[pri:0, instance:com.jdTouch.testcases.HomePageTest@327471b5]" name="setup" is-config="true" duration-ms="8234" started-at="2018-10-24T11:36:28Z" finished-at="2018-10-24T11:36:36Z">
          <reporter-output>
          </reporter-output>
        </test-method> <!-- setup -->
        <test-method status="PASS" signature="testSearchBar()[pri:0, instance:com.jdTouch.testcases.HomePageTest@327471b5]" name="testSearchBar" duration-ms="44" started-at="2018-10-24T11:36:36Z" finished-at="2018-10-24T11:36:36Z">
          <reporter-output>
          </reporter-output>
        </test-method> <!-- testSearchBar -->
        <test-method status="PASS" signature="closebrowsers()[pri:0, instance:com.jdTouch.testcases.HomePageTest@327471b5]" name="closebrowsers" is-config="true" duration-ms="758" started-at="2018-10-24T11:36:36Z" finished-at="2018-10-24T11:36:37Z">
          <reporter-output>
          </reporter-output>
        </test-method> <!-- closebrowsers -->
        <test-method status="PASS" signature="setup()[pri:0, instance:com.jdTouch.testcases.HomePageTest@327471b5]" name="setup" is-config="true" duration-ms="8444" started-at="2018-10-24T11:37:09Z" finished-at="2018-10-24T11:37:17Z">
          <reporter-output>
          </reporter-output>
        </test-method> <!-- setup -->
        <test-method status="PASS" signature="testLocationfield()[pri:0, instance:com.jdTouch.testcases.HomePageTest@327471b5]" name="testLocationfield" duration-ms="49" started-at="2018-10-24T11:37:17Z" finished-at="2018-10-24T11:37:17Z">
          <reporter-output>
          </reporter-output>
        </test-method> <!-- testLocationfield -->
        <test-method status="PASS" signature="closebrowsers()[pri:0, instance:com.jdTouch.testcases.HomePageTest@327471b5]" name="closebrowsers" is-config="true" duration-ms="653" started-at="2018-10-24T11:37:17Z" finished-at="2018-10-24T11:37:18Z">
          <reporter-output>
          </reporter-output>
        </test-method> <!-- closebrowsers -->
        <test-method status="PASS" signature="setup()[pri:0, instance:com.jdTouch.testcases.HomePageTest@327471b5]" name="setup" is-config="true" duration-ms="5669" started-at="2018-10-24T11:40:32Z" finished-at="2018-10-24T11:40:37Z">
          <reporter-output>
          </reporter-output>
        </test-method> <!-- setup -->
        <test-method status="PASS" signature="testsocialFeedsCount()[pri:0, instance:com.jdTouch.testcases.HomePageTest@327471b5]" name="testsocialFeedsCount" duration-ms="23060" started-at="2018-10-24T11:40:37Z" finished-at="2018-10-24T11:41:00Z">
          <reporter-output>
          </reporter-output>
        </test-method> <!-- testsocialFeedsCount -->
        <test-method status="PASS" signature="closebrowsers()[pri:0, instance:com.jdTouch.testcases.HomePageTest@327471b5]" name="closebrowsers" is-config="true" duration-ms="811" started-at="2018-10-24T11:41:00Z" finished-at="2018-10-24T11:41:01Z">
          <reporter-output>
          </reporter-output>
        </test-method> <!-- closebrowsers -->
        <test-method status="PASS" signature="setup()[pri:0, instance:com.jdTouch.testcases.HomePageTest@327471b5]" name="setup" is-config="true" duration-ms="7241" started-at="2018-10-24T11:41:13Z" finished-at="2018-10-24T11:41:21Z">
          <reporter-output>
          </reporter-output>
        </test-method> <!-- setup -->
        <test-method status="PASS" signature="testHotkeysRedirections()[pri:0, instance:com.jdTouch.testcases.HomePageTest@327471b5]" name="testHotkeysRedirections" duration-ms="36431" started-at="2018-10-24T11:41:21Z" finished-at="2018-10-24T11:41:57Z">
          <reporter-output>
          </reporter-output>
        </test-method> <!-- testHotkeysRedirections -->
        <test-method status="PASS" signature="closebrowsers()[pri:0, instance:com.jdTouch.testcases.HomePageTest@327471b5]" name="closebrowsers" is-config="true" duration-ms="720" started-at="2018-10-24T11:41:57Z" finished-at="2018-10-24T11:41:58Z">
          <reporter-output>
          </reporter-output>
        </test-method> <!-- closebrowsers -->
      </class> <!-- com.jdTouch.testcases.HomePageTest -->
    </test> <!-- Command line test -->
  </suite> <!-- Command line suite -->
</testng-results>
