<?xml version="1.0" encoding="UTF-8"?>
<testng-results skipped="0" failed="2" total="43" passed="41">
  <reporter-output>
  </reporter-output>
  <suite name="Wap Touch Test" duration-ms="592514" started-at="2018-11-06T07:45:52Z" finished-at="2018-11-06T07:55:45Z">
    <groups>
    </groups>
    <test name="wapTouchTest" duration-ms="592514" started-at="2018-11-06T07:45:52Z" finished-at="2018-11-06T07:55:45Z">
      <class name="com.jdTouch.testcases.SearchPageTest">
        <test-method status="PASS" signature="setup()[pri:0, instance:com.jdTouch.testcases.SearchPageTest@1d057a39]" name="setup" is-config="true" duration-ms="6700" started-at="2018-11-06T13:17:21Z" finished-at="2018-11-06T13:17:27Z">
          <reporter-output>
          </reporter-output>
        </test-method> <!-- setup -->
        <test-method status="PASS" signature="testSearchBarRedirection()[pri:0, instance:com.jdTouch.testcases.SearchPageTest@1d057a39]" name="testSearchBarRedirection" is-config="true" duration-ms="118" started-at="2018-11-06T13:17:27Z" finished-at="2018-11-06T13:17:28Z">
          <reporter-output>
          </reporter-output>
        </test-method> <!-- testSearchBarRedirection -->
        <test-method status="PASS" signature="testWhatField()[pri:0, instance:com.jdTouch.testcases.SearchPageTest@1d057a39]" name="testWhatField" duration-ms="31" started-at="2018-11-06T13:17:28Z" finished-at="2018-11-06T13:17:28Z">
          <reporter-output>
          </reporter-output>
        </test-method> <!-- testWhatField -->
        <test-method status="PASS" signature="navigateToHomePage()[pri:0, instance:com.jdTouch.testcases.SearchPageTest@1d057a39]" name="navigateToHomePage" is-config="true" duration-ms="1149" started-at="2018-11-06T13:17:28Z" finished-at="2018-11-06T13:17:29Z">
          <reporter-output>
          </reporter-output>
        </test-method> <!-- navigateToHomePage -->
        <test-method status="PASS" signature="testSearchBarRedirection()[pri:0, instance:com.jdTouch.testcases.SearchPageTest@1d057a39]" name="testSearchBarRedirection" is-config="true" duration-ms="111" started-at="2018-11-06T13:17:29Z" finished-at="2018-11-06T13:17:29Z">
          <reporter-output>
          </reporter-output>
        </test-method> <!-- testSearchBarRedirection -->
        <test-method status="PASS" signature="testWherefield()[pri:0, instance:com.jdTouch.testcases.SearchPageTest@1d057a39]" name="testWherefield" duration-ms="40" started-at="2018-11-06T13:17:29Z" finished-at="2018-11-06T13:17:29Z">
          <reporter-output>
          </reporter-output>
        </test-method> <!-- testWherefield -->
        <test-method status="PASS" signature="navigateToHomePage()[pri:0, instance:com.jdTouch.testcases.SearchPageTest@1d057a39]" name="navigateToHomePage" is-config="true" duration-ms="1105" started-at="2018-11-06T13:17:29Z" finished-at="2018-11-06T13:17:30Z">
          <reporter-output>
          </reporter-output>
        </test-method> <!-- navigateToHomePage -->
        <test-method status="PASS" signature="testSearchBarRedirection()[pri:0, instance:com.jdTouch.testcases.SearchPageTest@1d057a39]" name="testSearchBarRedirection" is-config="true" duration-ms="73" started-at="2018-11-06T13:17:30Z" finished-at="2018-11-06T13:17:30Z">
          <reporter-output>
          </reporter-output>
        </test-method> <!-- testSearchBarRedirection -->
        <test-method status="PASS" signature="testSearchCategoryAutosuggest()[pri:0, instance:com.jdTouch.testcases.SearchPageTest@1d057a39]" name="testSearchCategoryAutosuggest" duration-ms="20345" started-at="2018-11-06T13:17:30Z" finished-at="2018-11-06T13:17:50Z">
          <reporter-output>
          </reporter-output>
        </test-method> <!-- testSearchCategoryAutosuggest -->
        <test-method status="PASS" signature="navigateToHomePage()[pri:0, instance:com.jdTouch.testcases.SearchPageTest@1d057a39]" name="navigateToHomePage" is-config="true" duration-ms="1124" started-at="2018-11-06T13:17:50Z" finished-at="2018-11-06T13:17:52Z">
          <reporter-output>
          </reporter-output>
        </test-method> <!-- navigateToHomePage -->
        <test-method status="PASS" signature="testSearchBarRedirection()[pri:0, instance:com.jdTouch.testcases.SearchPageTest@1d057a39]" name="testSearchBarRedirection" is-config="true" duration-ms="63" started-at="2018-11-06T13:17:52Z" finished-at="2018-11-06T13:17:52Z">
          <reporter-output>
          </reporter-output>
        </test-method> <!-- testSearchBarRedirection -->
        <test-method status="PASS" signature="testSearchCompanyAutosuggest()[pri:0, instance:com.jdTouch.testcases.SearchPageTest@1d057a39]" name="testSearchCompanyAutosuggest" duration-ms="18517" started-at="2018-11-06T13:17:52Z" finished-at="2018-11-06T13:18:10Z">
          <reporter-output>
          </reporter-output>
        </test-method> <!-- testSearchCompanyAutosuggest -->
        <test-method status="PASS" signature="navigateToHomePage()[pri:0, instance:com.jdTouch.testcases.SearchPageTest@1d057a39]" name="navigateToHomePage" is-config="true" duration-ms="1107" started-at="2018-11-06T13:18:10Z" finished-at="2018-11-06T13:18:11Z">
          <reporter-output>
          </reporter-output>
        </test-method> <!-- navigateToHomePage -->
        <test-method status="PASS" signature="testSearchBarRedirection()[pri:0, instance:com.jdTouch.testcases.SearchPageTest@1d057a39]" name="testSearchBarRedirection" is-config="true" duration-ms="79" started-at="2018-11-06T13:18:11Z" finished-at="2018-11-06T13:18:11Z">
          <reporter-output>
          </reporter-output>
        </test-method> <!-- testSearchBarRedirection -->
        <test-method status="PASS" signature="testSearchGroupAutosuggest()[pri:0, instance:com.jdTouch.testcases.SearchPageTest@1d057a39]" name="testSearchGroupAutosuggest" duration-ms="11698" started-at="2018-11-06T13:18:11Z" finished-at="2018-11-06T13:18:23Z">
          <reporter-output>
          </reporter-output>
        </test-method> <!-- testSearchGroupAutosuggest -->
        <test-method status="PASS" signature="navigateToHomePage()[pri:0, instance:com.jdTouch.testcases.SearchPageTest@1d057a39]" name="navigateToHomePage" is-config="true" duration-ms="1141" started-at="2018-11-06T13:18:23Z" finished-at="2018-11-06T13:18:24Z">
          <reporter-output>
          </reporter-output>
        </test-method> <!-- navigateToHomePage -->
        <test-method status="PASS" signature="testSearchBarRedirection()[pri:0, instance:com.jdTouch.testcases.SearchPageTest@1d057a39]" name="testSearchBarRedirection" is-config="true" duration-ms="65" started-at="2018-11-06T13:18:24Z" finished-at="2018-11-06T13:18:24Z">
          <reporter-output>
          </reporter-output>
        </test-method> <!-- testSearchBarRedirection -->
        <test-method status="PASS" signature="testSearchProductAutosuggest()[pri:0, instance:com.jdTouch.testcases.SearchPageTest@1d057a39]" name="testSearchProductAutosuggest" duration-ms="16816" started-at="2018-11-06T13:18:24Z" finished-at="2018-11-06T13:18:41Z">
          <reporter-output>
          </reporter-output>
        </test-method> <!-- testSearchProductAutosuggest -->
        <test-method status="PASS" signature="navigateToHomePage()[pri:0, instance:com.jdTouch.testcases.SearchPageTest@1d057a39]" name="navigateToHomePage" is-config="true" duration-ms="1112" started-at="2018-11-06T13:18:41Z" finished-at="2018-11-06T13:18:42Z">
          <reporter-output>
          </reporter-output>
        </test-method> <!-- navigateToHomePage -->
        <test-method status="PASS" signature="teardown()[pri:0, instance:com.jdTouch.testcases.SearchPageTest@1d057a39]" name="teardown" is-config="true" duration-ms="671" started-at="2018-11-06T13:18:42Z" finished-at="2018-11-06T13:18:43Z">
          <reporter-output>
          </reporter-output>
        </test-method> <!-- teardown -->
      </class> <!-- com.jdTouch.testcases.SearchPageTest -->
      <class name="com.jdTouch.testcases.FreeListingTest">
        <test-method status="PASS" signature="setup()[pri:0, instance:com.jdTouch.testcases.FreeListingTest@26653222]" name="setup" is-config="true" duration-ms="9845" started-at="2018-11-06T13:23:53Z" finished-at="2018-11-06T13:24:03Z">
          <reporter-output>
          </reporter-output>
        </test-method> <!-- setup -->
        <test-method status="PASS" signature="validateFreelistingPage()[pri:0, instance:com.jdTouch.testcases.FreeListingTest@26653222]" name="validateFreelistingPage" duration-ms="1189" started-at="2018-11-06T13:24:03Z" finished-at="2018-11-06T13:24:04Z">
          <reporter-output>
          </reporter-output>
        </test-method> <!-- validateFreelistingPage -->
        <test-method status="PASS" signature="closebrowser()[pri:0, instance:com.jdTouch.testcases.FreeListingTest@26653222]" name="closebrowser" is-config="true" duration-ms="662" started-at="2018-11-06T13:24:04Z" finished-at="2018-11-06T13:24:04Z">
          <reporter-output>
          </reporter-output>
        </test-method> <!-- closebrowser -->
        <test-method status="PASS" signature="setup()[pri:0, instance:com.jdTouch.testcases.FreeListingTest@26653222]" name="setup" is-config="true" duration-ms="9111" started-at="2018-11-06T13:24:04Z" finished-at="2018-11-06T13:24:14Z">
          <reporter-output>
          </reporter-output>
        </test-method> <!-- setup -->
        <test-method status="PASS" signature="testFreelistingBack()[pri:0, instance:com.jdTouch.testcases.FreeListingTest@26653222]" name="testFreelistingBack" duration-ms="7020" started-at="2018-11-06T13:24:14Z" finished-at="2018-11-06T13:24:21Z">
          <reporter-output>
          </reporter-output>
        </test-method> <!-- testFreelistingBack -->
        <test-method status="PASS" signature="closebrowser()[pri:0, instance:com.jdTouch.testcases.FreeListingTest@26653222]" name="closebrowser" is-config="true" duration-ms="674" started-at="2018-11-06T13:24:21Z" finished-at="2018-11-06T13:24:21Z">
          <reporter-output>
          </reporter-output>
        </test-method> <!-- closebrowser -->
        <test-method status="PASS" signature="setup()[pri:0, instance:com.jdTouch.testcases.FreeListingTest@26653222]" name="setup" is-config="true" duration-ms="9117" started-at="2018-11-06T13:24:21Z" finished-at="2018-11-06T13:24:30Z">
          <reporter-output>
          </reporter-output>
        </test-method> <!-- setup -->
        <test-method status="PASS" signature="testFreelistingCross()[pri:0, instance:com.jdTouch.testcases.FreeListingTest@26653222]" name="testFreelistingCross" duration-ms="7907" started-at="2018-11-06T13:24:30Z" finished-at="2018-11-06T13:24:38Z">
          <reporter-output>
          </reporter-output>
        </test-method> <!-- testFreelistingCross -->
        <test-method status="PASS" signature="closebrowser()[pri:0, instance:com.jdTouch.testcases.FreeListingTest@26653222]" name="closebrowser" is-config="true" duration-ms="671" started-at="2018-11-06T13:24:38Z" finished-at="2018-11-06T13:24:39Z">
          <reporter-output>
          </reporter-output>
        </test-method> <!-- closebrowser -->
        <test-method status="PASS" signature="setup()[pri:0, instance:com.jdTouch.testcases.FreeListingTest@26653222]" name="setup" is-config="true" duration-ms="8936" started-at="2018-11-06T13:24:39Z" finished-at="2018-11-06T13:24:48Z">
          <reporter-output>
          </reporter-output>
        </test-method> <!-- setup -->
        <test-method status="PASS" signature="testFreeListing(java.lang.String, java.lang.String, java.lang.String, java.lang.String, java.lang.String)[pri:0, instance:com.jdTouch.testcases.FreeListingTest@26653222]" name="testFreeListing" duration-ms="9910" started-at="2018-11-06T13:24:48Z" data-provider="getFreelistData" finished-at="2018-11-06T13:24:58Z">
          <params>
            <param index="0">
              <value>
                <![CDATA[test ABC]]>
              </value>
            </param>
            <param index="1">
              <value>
                <![CDATA[Test  A]]>
              </value>
            </param>
            <param index="2">
              <value>
                <![CDATA[7738176962]]>
              </value>
            </param>
            <param index="3">
              <value>
                <![CDATA[25632563]]>
              </value>
            </param>
            <param index="4">
              <value>
                <![CDATA[jay]]>
              </value>
            </param>
          </params>
          <reporter-output>
          </reporter-output>
        </test-method> <!-- testFreeListing -->
        <test-method status="PASS" signature="closebrowser()[pri:0, instance:com.jdTouch.testcases.FreeListingTest@26653222]" name="closebrowser" is-config="true" duration-ms="640" started-at="2018-11-06T13:24:58Z" finished-at="2018-11-06T13:24:58Z">
          <reporter-output>
          </reporter-output>
        </test-method> <!-- closebrowser -->
        <test-method status="PASS" signature="setup()[pri:0, instance:com.jdTouch.testcases.FreeListingTest@26653222]" name="setup" is-config="true" duration-ms="9192" started-at="2018-11-06T13:24:58Z" finished-at="2018-11-06T13:25:08Z">
          <reporter-output>
          </reporter-output>
        </test-method> <!-- setup -->
        <test-method status="PASS" signature="testFreeListing(java.lang.String, java.lang.String, java.lang.String, java.lang.String, java.lang.String)[pri:0, instance:com.jdTouch.testcases.FreeListingTest@26653222]" name="testFreeListing" duration-ms="10768" started-at="2018-11-06T13:25:08Z" data-provider="getFreelistData" finished-at="2018-11-06T13:25:18Z">
          <params>
            <param index="0">
              <value>
                <![CDATA[test DEF 1]]>
              </value>
            </param>
            <param index="1">
              <value>
                <![CDATA[Test B]]>
              </value>
            </param>
            <param index="2">
              <value>
                <![CDATA[7738176962]]>
              </value>
            </param>
            <param index="3">
              <value>
                <![CDATA[25412541]]>
              </value>
            </param>
            <param index="4">
              <value>
                <![CDATA[kor]]>
              </value>
            </param>
          </params>
          <reporter-output>
          </reporter-output>
        </test-method> <!-- testFreeListing -->
        <test-method status="PASS" signature="closebrowser()[pri:0, instance:com.jdTouch.testcases.FreeListingTest@26653222]" name="closebrowser" is-config="true" duration-ms="641" started-at="2018-11-06T13:25:18Z" finished-at="2018-11-06T13:25:19Z">
          <reporter-output>
          </reporter-output>
        </test-method> <!-- closebrowser -->
        <test-method status="PASS" signature="setup()[pri:0, instance:com.jdTouch.testcases.FreeListingTest@26653222]" name="setup" is-config="true" duration-ms="15246" started-at="2018-11-06T13:25:19Z" finished-at="2018-11-06T13:25:34Z">
          <reporter-output>
          </reporter-output>
        </test-method> <!-- setup -->
        <test-method status="PASS" signature="testFreeListing(java.lang.String, java.lang.String, java.lang.String, java.lang.String, java.lang.String)[pri:0, instance:com.jdTouch.testcases.FreeListingTest@26653222]" name="testFreeListing" duration-ms="10028" started-at="2018-11-06T13:25:34Z" data-provider="getFreelistData" finished-at="2018-11-06T13:25:44Z">
          <params>
            <param index="0">
              <value>
                <![CDATA[Test & XYZ]]>
              </value>
            </param>
            <param index="1">
              <value>
                <![CDATA[Test C]]>
              </value>
            </param>
            <param index="2">
              <value>
                <![CDATA[7738176962]]>
              </value>
            </param>
            <param index="3">
              <value>
                <![CDATA[25896325]]>
              </value>
            </param>
            <param index="4">
              <value>
                <![CDATA[kal]]>
              </value>
            </param>
          </params>
          <reporter-output>
          </reporter-output>
        </test-method> <!-- testFreeListing -->
        <test-method status="PASS" signature="closebrowser()[pri:0, instance:com.jdTouch.testcases.FreeListingTest@26653222]" name="closebrowser" is-config="true" duration-ms="676" started-at="2018-11-06T13:25:44Z" finished-at="2018-11-06T13:25:45Z">
          <reporter-output>
          </reporter-output>
        </test-method> <!-- closebrowser -->
      </class> <!-- com.jdTouch.testcases.FreeListingTest -->
      <class name="com.jdTouch.testcases.ContextualMenuTest">
        <test-method status="PASS" signature="setup()[pri:0, instance:com.jdTouch.testcases.ContextualMenuTest@5e5792a0]" name="setup" is-config="true" duration-ms="7934" started-at="2018-11-06T13:18:43Z" finished-at="2018-11-06T13:18:51Z">
          <reporter-output>
          </reporter-output>
        </test-method> <!-- setup -->
        <test-method status="PASS" signature="TestContextualMenuPage()[pri:0, instance:com.jdTouch.testcases.ContextualMenuTest@5e5792a0]" name="TestContextualMenuPage" duration-ms="31" started-at="2018-11-06T13:18:51Z" finished-at="2018-11-06T13:18:51Z">
          <reporter-output>
          </reporter-output>
        </test-method> <!-- TestContextualMenuPage -->
        <test-method status="PASS" signature="close()[pri:0, instance:com.jdTouch.testcases.ContextualMenuTest@5e5792a0]" name="close" is-config="true" duration-ms="689" started-at="2018-11-06T13:18:51Z" finished-at="2018-11-06T13:18:52Z">
          <reporter-output>
          </reporter-output>
        </test-method> <!-- close -->
        <test-method status="PASS" signature="setup()[pri:0, instance:com.jdTouch.testcases.ContextualMenuTest@5e5792a0]" name="setup" is-config="true" duration-ms="8292" started-at="2018-11-06T13:18:52Z" finished-at="2018-11-06T13:19:00Z">
          <reporter-output>
          </reporter-output>
        </test-method> <!-- setup -->
        <test-method status="PASS" signature="testContextualmenuBack()[pri:0, instance:com.jdTouch.testcases.ContextualMenuTest@5e5792a0]" name="testContextualmenuBack" duration-ms="414" started-at="2018-11-06T13:19:00Z" finished-at="2018-11-06T13:19:00Z">
          <reporter-output>
          </reporter-output>
        </test-method> <!-- testContextualmenuBack -->
        <test-method status="PASS" signature="close()[pri:0, instance:com.jdTouch.testcases.ContextualMenuTest@5e5792a0]" name="close" is-config="true" duration-ms="659" started-at="2018-11-06T13:19:00Z" finished-at="2018-11-06T13:19:01Z">
          <reporter-output>
          </reporter-output>
        </test-method> <!-- close -->
        <test-method status="PASS" signature="setup()[pri:0, instance:com.jdTouch.testcases.ContextualMenuTest@5e5792a0]" name="setup" is-config="true" duration-ms="7997" started-at="2018-11-06T13:19:01Z" finished-at="2018-11-06T13:19:09Z">
          <reporter-output>
          </reporter-output>
        </test-method> <!-- setup -->
        <test-method status="PASS" signature="TestUsernameNonloggedin()[pri:0, instance:com.jdTouch.testcases.ContextualMenuTest@5e5792a0]" name="TestUsernameNonloggedin" duration-ms="226" started-at="2018-11-06T13:19:09Z" finished-at="2018-11-06T13:19:09Z">
          <reporter-output>
          </reporter-output>
        </test-method> <!-- TestUsernameNonloggedin -->
        <test-method status="PASS" signature="close()[pri:0, instance:com.jdTouch.testcases.ContextualMenuTest@5e5792a0]" name="close" is-config="true" duration-ms="654" started-at="2018-11-06T13:19:09Z" finished-at="2018-11-06T13:19:10Z">
          <reporter-output>
          </reporter-output>
        </test-method> <!-- close -->
        <test-method status="PASS" signature="setup()[pri:0, instance:com.jdTouch.testcases.ContextualMenuTest@5e5792a0]" name="setup" is-config="true" duration-ms="8063" started-at="2018-11-06T13:19:10Z" finished-at="2018-11-06T13:19:18Z">
          <reporter-output>
          </reporter-output>
        </test-method> <!-- setup -->
        <test-method status="PASS" signature="TestFavoriesNonloggedin()[pri:0, instance:com.jdTouch.testcases.ContextualMenuTest@5e5792a0]" name="TestFavoriesNonloggedin" duration-ms="231" started-at="2018-11-06T13:19:18Z" finished-at="2018-11-06T13:19:18Z">
          <reporter-output>
          </reporter-output>
        </test-method> <!-- TestFavoriesNonloggedin -->
        <test-method status="PASS" signature="close()[pri:0, instance:com.jdTouch.testcases.ContextualMenuTest@5e5792a0]" name="close" is-config="true" duration-ms="650" started-at="2018-11-06T13:19:18Z" finished-at="2018-11-06T13:19:19Z">
          <reporter-output>
          </reporter-output>
        </test-method> <!-- close -->
        <test-method status="PASS" signature="setup()[pri:0, instance:com.jdTouch.testcases.ContextualMenuTest@5e5792a0]" name="setup" is-config="true" duration-ms="7559" started-at="2018-11-06T13:19:19Z" finished-at="2018-11-06T13:19:26Z">
          <reporter-output>
          </reporter-output>
        </test-method> <!-- setup -->
        <test-method status="PASS" signature="TestMyInterestNonloggedin()[pri:0, instance:com.jdTouch.testcases.ContextualMenuTest@5e5792a0]" name="TestMyInterestNonloggedin" duration-ms="391" started-at="2018-11-06T13:19:26Z" finished-at="2018-11-06T13:19:27Z">
          <reporter-output>
          </reporter-output>
        </test-method> <!-- TestMyInterestNonloggedin -->
        <test-method status="PASS" signature="close()[pri:0, instance:com.jdTouch.testcases.ContextualMenuTest@5e5792a0]" name="close" is-config="true" duration-ms="653" started-at="2018-11-06T13:19:27Z" finished-at="2018-11-06T13:19:27Z">
          <reporter-output>
          </reporter-output>
        </test-method> <!-- close -->
        <test-method status="PASS" signature="setup()[pri:0, instance:com.jdTouch.testcases.ContextualMenuTest@5e5792a0]" name="setup" is-config="true" duration-ms="7272" started-at="2018-11-06T13:19:27Z" finished-at="2018-11-06T13:19:35Z">
          <reporter-output>
          </reporter-output>
        </test-method> <!-- setup -->
        <test-method status="PASS" signature="TestMyTransactionNonloggedin()[pri:0, instance:com.jdTouch.testcases.ContextualMenuTest@5e5792a0]" name="TestMyTransactionNonloggedin" duration-ms="405" started-at="2018-11-06T13:19:35Z" finished-at="2018-11-06T13:19:35Z">
          <reporter-output>
          </reporter-output>
        </test-method> <!-- TestMyTransactionNonloggedin -->
        <test-method status="PASS" signature="close()[pri:0, instance:com.jdTouch.testcases.ContextualMenuTest@5e5792a0]" name="close" is-config="true" duration-ms="653" started-at="2018-11-06T13:19:35Z" finished-at="2018-11-06T13:19:36Z">
          <reporter-output>
          </reporter-output>
        </test-method> <!-- close -->
        <test-method status="PASS" signature="setup()[pri:0, instance:com.jdTouch.testcases.ContextualMenuTest@5e5792a0]" name="setup" is-config="true" duration-ms="8247" started-at="2018-11-06T13:19:36Z" finished-at="2018-11-06T13:19:44Z">
          <reporter-output>
          </reporter-output>
        </test-method> <!-- setup -->
        <test-method status="PASS" signature="TestFeedbackNonloggedin()[pri:0, instance:com.jdTouch.testcases.ContextualMenuTest@5e5792a0]" name="TestFeedbackNonloggedin" duration-ms="415" started-at="2018-11-06T13:19:44Z" finished-at="2018-11-06T13:19:44Z">
          <reporter-output>
          </reporter-output>
        </test-method> <!-- TestFeedbackNonloggedin -->
        <test-method status="PASS" signature="close()[pri:0, instance:com.jdTouch.testcases.ContextualMenuTest@5e5792a0]" name="close" is-config="true" duration-ms="656" started-at="2018-11-06T13:19:44Z" finished-at="2018-11-06T13:19:45Z">
          <reporter-output>
          </reporter-output>
        </test-method> <!-- close -->
        <test-method status="PASS" signature="setup()[pri:0, instance:com.jdTouch.testcases.ContextualMenuTest@5e5792a0]" name="setup" is-config="true" duration-ms="8168" started-at="2018-11-06T13:19:45Z" finished-at="2018-11-06T13:19:53Z">
          <reporter-output>
          </reporter-output>
        </test-method> <!-- setup -->
        <test-method status="PASS" signature="Testloginlink()[pri:0, instance:com.jdTouch.testcases.ContextualMenuTest@5e5792a0]" name="Testloginlink" duration-ms="2425" started-at="2018-11-06T13:19:53Z" finished-at="2018-11-06T13:19:56Z">
          <reporter-output>
          </reporter-output>
        </test-method> <!-- Testloginlink -->
        <test-method status="PASS" signature="close()[pri:0, instance:com.jdTouch.testcases.ContextualMenuTest@5e5792a0]" name="close" is-config="true" duration-ms="675" started-at="2018-11-06T13:19:56Z" finished-at="2018-11-06T13:19:56Z">
          <reporter-output>
          </reporter-output>
        </test-method> <!-- close -->
        <test-method status="PASS" signature="setup()[pri:0, instance:com.jdTouch.testcases.ContextualMenuTest@5e5792a0]" name="setup" is-config="true" duration-ms="8062" started-at="2018-11-06T13:19:56Z" finished-at="2018-11-06T13:20:04Z">
          <reporter-output>
          </reporter-output>
        </test-method> <!-- setup -->
        <test-method status="PASS" signature="TestHelpnSupport()[pri:0, instance:com.jdTouch.testcases.ContextualMenuTest@5e5792a0]" name="TestHelpnSupport" duration-ms="2355" started-at="2018-11-06T13:20:04Z" finished-at="2018-11-06T13:20:07Z">
          <reporter-output>
          </reporter-output>
        </test-method> <!-- TestHelpnSupport -->
        <test-method status="PASS" signature="close()[pri:0, instance:com.jdTouch.testcases.ContextualMenuTest@5e5792a0]" name="close" is-config="true" duration-ms="647" started-at="2018-11-06T13:20:07Z" finished-at="2018-11-06T13:20:07Z">
          <reporter-output>
          </reporter-output>
        </test-method> <!-- close -->
        <test-method status="PASS" signature="setup()[pri:0, instance:com.jdTouch.testcases.ContextualMenuTest@5e5792a0]" name="setup" is-config="true" duration-ms="6910" started-at="2018-11-06T13:20:07Z" finished-at="2018-11-06T13:20:14Z">
          <reporter-output>
          </reporter-output>
        </test-method> <!-- setup -->
        <test-method status="PASS" signature="TestOthersPage()[pri:0, instance:com.jdTouch.testcases.ContextualMenuTest@5e5792a0]" name="TestOthersPage" duration-ms="1385" started-at="2018-11-06T13:20:14Z" finished-at="2018-11-06T13:20:16Z">
          <reporter-output>
          </reporter-output>
        </test-method> <!-- TestOthersPage -->
        <test-method status="PASS" signature="close()[pri:0, instance:com.jdTouch.testcases.ContextualMenuTest@5e5792a0]" name="close" is-config="true" duration-ms="652" started-at="2018-11-06T13:20:16Z" finished-at="2018-11-06T13:20:16Z">
          <reporter-output>
          </reporter-output>
        </test-method> <!-- close -->
        <test-method status="PASS" signature="setup()[pri:0, instance:com.jdTouch.testcases.ContextualMenuTest@5e5792a0]" name="setup" is-config="true" duration-ms="7553" started-at="2018-11-06T13:20:16Z" finished-at="2018-11-06T13:20:24Z">
          <reporter-output>
          </reporter-output>
        </test-method> <!-- setup -->
        <test-method status="PASS" signature="TestOthersBack()[pri:0, instance:com.jdTouch.testcases.ContextualMenuTest@5e5792a0]" name="TestOthersBack" duration-ms="1492" started-at="2018-11-06T13:20:24Z" finished-at="2018-11-06T13:20:25Z">
          <reporter-output>
          </reporter-output>
        </test-method> <!-- TestOthersBack -->
        <test-method status="PASS" signature="close()[pri:0, instance:com.jdTouch.testcases.ContextualMenuTest@5e5792a0]" name="close" is-config="true" duration-ms="869" started-at="2018-11-06T13:20:25Z" finished-at="2018-11-06T13:20:26Z">
          <reporter-output>
          </reporter-output>
        </test-method> <!-- close -->
        <test-method status="PASS" signature="setup()[pri:0, instance:com.jdTouch.testcases.ContextualMenuTest@5e5792a0]" name="setup" is-config="true" duration-ms="8452" started-at="2018-11-06T13:20:26Z" finished-at="2018-11-06T13:20:35Z">
          <reporter-output>
          </reporter-output>
        </test-method> <!-- setup -->
        <test-method status="PASS" signature="TestOthersNotification()[pri:0, instance:com.jdTouch.testcases.ContextualMenuTest@5e5792a0]" name="TestOthersNotification" duration-ms="1574" started-at="2018-11-06T13:20:35Z" finished-at="2018-11-06T13:20:36Z">
          <reporter-output>
          </reporter-output>
        </test-method> <!-- TestOthersNotification -->
        <test-method status="PASS" signature="close()[pri:0, instance:com.jdTouch.testcases.ContextualMenuTest@5e5792a0]" name="close" is-config="true" duration-ms="649" started-at="2018-11-06T13:20:36Z" finished-at="2018-11-06T13:20:37Z">
          <reporter-output>
          </reporter-output>
        </test-method> <!-- close -->
        <test-method status="PASS" signature="setup()[pri:0, instance:com.jdTouch.testcases.ContextualMenuTest@5e5792a0]" name="setup" is-config="true" duration-ms="8624" started-at="2018-11-06T13:20:37Z" finished-at="2018-11-06T13:20:45Z">
          <reporter-output>
          </reporter-output>
        </test-method> <!-- setup -->
        <test-method status="PASS" signature="TestOthersFreelisting()[pri:0, instance:com.jdTouch.testcases.ContextualMenuTest@5e5792a0]" name="TestOthersFreelisting" duration-ms="2461" started-at="2018-11-06T13:20:45Z" finished-at="2018-11-06T13:20:48Z">
          <reporter-output>
          </reporter-output>
        </test-method> <!-- TestOthersFreelisting -->
        <test-method status="PASS" signature="close()[pri:0, instance:com.jdTouch.testcases.ContextualMenuTest@5e5792a0]" name="close" is-config="true" duration-ms="662" started-at="2018-11-06T13:20:48Z" finished-at="2018-11-06T13:20:49Z">
          <reporter-output>
          </reporter-output>
        </test-method> <!-- close -->
        <test-method status="PASS" signature="setup()[pri:0, instance:com.jdTouch.testcases.ContextualMenuTest@5e5792a0]" name="setup" is-config="true" duration-ms="7605" started-at="2018-11-06T13:20:49Z" finished-at="2018-11-06T13:20:56Z">
          <reporter-output>
          </reporter-output>
        </test-method> <!-- setup -->
        <test-method status="PASS" signature="TestOthersFeedback()[pri:0, instance:com.jdTouch.testcases.ContextualMenuTest@5e5792a0]" name="TestOthersFeedback" duration-ms="2868" started-at="2018-11-06T13:20:56Z" finished-at="2018-11-06T13:20:59Z">
          <reporter-output>
          </reporter-output>
        </test-method> <!-- TestOthersFeedback -->
        <test-method status="PASS" signature="close()[pri:0, instance:com.jdTouch.testcases.ContextualMenuTest@5e5792a0]" name="close" is-config="true" duration-ms="661" started-at="2018-11-06T13:20:59Z" finished-at="2018-11-06T13:21:00Z">
          <reporter-output>
          </reporter-output>
        </test-method> <!-- close -->
        <test-method status="PASS" signature="setup()[pri:0, instance:com.jdTouch.testcases.ContextualMenuTest@5e5792a0]" name="setup" is-config="true" duration-ms="8327" started-at="2018-11-06T13:21:00Z" finished-at="2018-11-06T13:21:08Z">
          <reporter-output>
          </reporter-output>
        </test-method> <!-- setup -->
        <test-method status="PASS" signature="TestTestimonials()[pri:0, instance:com.jdTouch.testcases.ContextualMenuTest@5e5792a0]" name="TestTestimonials" duration-ms="2314" started-at="2018-11-06T13:21:08Z" finished-at="2018-11-06T13:21:10Z">
          <reporter-output>
          </reporter-output>
        </test-method> <!-- TestTestimonials -->
        <test-method status="PASS" signature="close()[pri:0, instance:com.jdTouch.testcases.ContextualMenuTest@5e5792a0]" name="close" is-config="true" duration-ms="650" started-at="2018-11-06T13:21:10Z" finished-at="2018-11-06T13:21:11Z">
          <reporter-output>
          </reporter-output>
        </test-method> <!-- close -->
        <test-method status="PASS" signature="setup()[pri:0, instance:com.jdTouch.testcases.ContextualMenuTest@5e5792a0]" name="setup" is-config="true" duration-ms="7541" started-at="2018-11-06T13:21:11Z" finished-at="2018-11-06T13:21:19Z">
          <reporter-output>
          </reporter-output>
        </test-method> <!-- setup -->
        <test-method status="PASS" signature="TestDownloadJdapp()[pri:0, instance:com.jdTouch.testcases.ContextualMenuTest@5e5792a0]" name="TestDownloadJdapp" duration-ms="1455" started-at="2018-11-06T13:21:19Z" finished-at="2018-11-06T13:21:20Z">
          <reporter-output>
          </reporter-output>
        </test-method> <!-- TestDownloadJdapp -->
        <test-method status="PASS" signature="close()[pri:0, instance:com.jdTouch.testcases.ContextualMenuTest@5e5792a0]" name="close" is-config="true" duration-ms="652" started-at="2018-11-06T13:21:20Z" finished-at="2018-11-06T13:21:21Z">
          <reporter-output>
          </reporter-output>
        </test-method> <!-- close -->
        <test-method status="PASS" signature="setup()[pri:0, instance:com.jdTouch.testcases.ContextualMenuTest@5e5792a0]" name="setup" is-config="true" duration-ms="7519" started-at="2018-11-06T13:21:21Z" finished-at="2018-11-06T13:21:28Z">
          <reporter-output>
          </reporter-output>
        </test-method> <!-- setup -->
        <test-method status="PASS" signature="TestOthersWhoareWe()[pri:0, instance:com.jdTouch.testcases.ContextualMenuTest@5e5792a0]" name="TestOthersWhoareWe" duration-ms="3533" started-at="2018-11-06T13:21:28Z" finished-at="2018-11-06T13:21:32Z">
          <reporter-output>
          </reporter-output>
        </test-method> <!-- TestOthersWhoareWe -->
        <test-method status="PASS" signature="close()[pri:0, instance:com.jdTouch.testcases.ContextualMenuTest@5e5792a0]" name="close" is-config="true" duration-ms="648" started-at="2018-11-06T13:21:32Z" finished-at="2018-11-06T13:21:32Z">
          <reporter-output>
          </reporter-output>
        </test-method> <!-- close -->
        <test-method status="PASS" signature="setup()[pri:0, instance:com.jdTouch.testcases.ContextualMenuTest@5e5792a0]" name="setup" is-config="true" duration-ms="7989" started-at="2018-11-06T13:21:32Z" finished-at="2018-11-06T13:21:40Z">
          <reporter-output>
          </reporter-output>
        </test-method> <!-- setup -->
        <test-method status="PASS" signature="TestPolicies()[pri:0, instance:com.jdTouch.testcases.ContextualMenuTest@5e5792a0]" name="TestPolicies" duration-ms="2081" started-at="2018-11-06T13:21:40Z" finished-at="2018-11-06T13:21:42Z">
          <reporter-output>
          </reporter-output>
        </test-method> <!-- TestPolicies -->
        <test-method status="PASS" signature="close()[pri:0, instance:com.jdTouch.testcases.ContextualMenuTest@5e5792a0]" name="close" is-config="true" duration-ms="743" started-at="2018-11-06T13:21:42Z" finished-at="2018-11-06T13:21:43Z">
          <reporter-output>
          </reporter-output>
        </test-method> <!-- close -->
        <test-method status="PASS" signature="setup()[pri:0, instance:com.jdTouch.testcases.ContextualMenuTest@5e5792a0]" name="setup" is-config="true" duration-ms="7555" started-at="2018-11-06T13:21:43Z" finished-at="2018-11-06T13:21:51Z">
          <reporter-output>
          </reporter-output>
        </test-method> <!-- setup -->
        <test-method status="PASS" signature="TestOtherTermsOfUse()[pri:0, instance:com.jdTouch.testcases.ContextualMenuTest@5e5792a0]" name="TestOtherTermsOfUse" duration-ms="2105" started-at="2018-11-06T13:21:51Z" finished-at="2018-11-06T13:21:53Z">
          <reporter-output>
          </reporter-output>
        </test-method> <!-- TestOtherTermsOfUse -->
        <test-method status="PASS" signature="close()[pri:0, instance:com.jdTouch.testcases.ContextualMenuTest@5e5792a0]" name="close" is-config="true" duration-ms="659" started-at="2018-11-06T13:21:53Z" finished-at="2018-11-06T13:21:53Z">
          <reporter-output>
          </reporter-output>
        </test-method> <!-- close -->
        <test-method status="PASS" signature="setup()[pri:0, instance:com.jdTouch.testcases.ContextualMenuTest@5e5792a0]" name="setup" is-config="true" duration-ms="12521" started-at="2018-11-06T13:21:53Z" finished-at="2018-11-06T13:22:06Z">
          <reporter-output>
          </reporter-output>
        </test-method> <!-- setup -->
        <test-method status="PASS" signature="TestOtherInfringementPolicy()[pri:0, instance:com.jdTouch.testcases.ContextualMenuTest@5e5792a0]" name="TestOtherInfringementPolicy" duration-ms="2847" started-at="2018-11-06T13:22:06Z" finished-at="2018-11-06T13:22:09Z">
          <reporter-output>
          </reporter-output>
        </test-method> <!-- TestOtherInfringementPolicy -->
        <test-method status="PASS" signature="close()[pri:0, instance:com.jdTouch.testcases.ContextualMenuTest@5e5792a0]" name="close" is-config="true" duration-ms="690" started-at="2018-11-06T13:22:09Z" finished-at="2018-11-06T13:22:10Z">
          <reporter-output>
          </reporter-output>
        </test-method> <!-- close -->
        <test-method status="PASS" signature="setup()[pri:0, instance:com.jdTouch.testcases.ContextualMenuTest@5e5792a0]" name="setup" is-config="true" duration-ms="8081" started-at="2018-11-06T13:22:10Z" finished-at="2018-11-06T13:22:18Z">
          <reporter-output>
          </reporter-output>
        </test-method> <!-- setup -->
        <test-method status="PASS" signature="TestOtherContactUs()[pri:0, instance:com.jdTouch.testcases.ContextualMenuTest@5e5792a0]" name="TestOtherContactUs" duration-ms="2781" started-at="2018-11-06T13:22:18Z" finished-at="2018-11-06T13:22:20Z">
          <reporter-output>
          </reporter-output>
        </test-method> <!-- TestOtherContactUs -->
        <test-method status="PASS" signature="close()[pri:0, instance:com.jdTouch.testcases.ContextualMenuTest@5e5792a0]" name="close" is-config="true" duration-ms="861" started-at="2018-11-06T13:22:20Z" finished-at="2018-11-06T13:22:21Z">
          <reporter-output>
          </reporter-output>
        </test-method> <!-- close -->
        <test-method status="PASS" signature="setup()[pri:0, instance:com.jdTouch.testcases.ContextualMenuTest@5e5792a0]" name="setup" is-config="true" duration-ms="7931" started-at="2018-11-06T13:22:21Z" finished-at="2018-11-06T13:22:29Z">
          <reporter-output>
          </reporter-output>
        </test-method> <!-- setup -->
        <test-method status="PASS" signature="TestLoginPageSubmitButton()[pri:0, instance:com.jdTouch.testcases.ContextualMenuTest@5e5792a0]" name="TestLoginPageSubmitButton" duration-ms="1407" started-at="2018-11-06T13:22:29Z" finished-at="2018-11-06T13:22:31Z">
          <reporter-output>
          </reporter-output>
        </test-method> <!-- TestLoginPageSubmitButton -->
        <test-method status="PASS" signature="close()[pri:0, instance:com.jdTouch.testcases.ContextualMenuTest@5e5792a0]" name="close" is-config="true" duration-ms="653" started-at="2018-11-06T13:22:31Z" finished-at="2018-11-06T13:22:31Z">
          <reporter-output>
          </reporter-output>
        </test-method> <!-- close -->
        <test-method status="PASS" signature="setup()[pri:0, instance:com.jdTouch.testcases.ContextualMenuTest@5e5792a0]" name="setup" is-config="true" duration-ms="8138" started-at="2018-11-06T13:22:31Z" finished-at="2018-11-06T13:22:39Z">
          <reporter-output>
          </reporter-output>
        </test-method> <!-- setup -->
        <test-method status="PASS" signature="TestLoginFunctionality()[pri:0, instance:com.jdTouch.testcases.ContextualMenuTest@5e5792a0]" name="TestLoginFunctionality" duration-ms="4021" started-at="2018-11-06T13:22:39Z" finished-at="2018-11-06T13:22:43Z">
          <reporter-output>
          </reporter-output>
        </test-method> <!-- TestLoginFunctionality -->
        <test-method status="PASS" signature="close()[pri:0, instance:com.jdTouch.testcases.ContextualMenuTest@5e5792a0]" name="close" is-config="true" duration-ms="647" started-at="2018-11-06T13:22:43Z" finished-at="2018-11-06T13:22:44Z">
          <reporter-output>
          </reporter-output>
        </test-method> <!-- close -->
        <test-method status="PASS" signature="setup()[pri:0, instance:com.jdTouch.testcases.ContextualMenuTest@5e5792a0]" name="setup" is-config="true" duration-ms="7781" started-at="2018-11-06T13:22:44Z" finished-at="2018-11-06T13:22:52Z">
          <reporter-output>
          </reporter-output>
        </test-method> <!-- setup -->
        <test-method status="PASS" signature="TestFavoritesPageLoggedinflow()[pri:0, instance:com.jdTouch.testcases.ContextualMenuTest@5e5792a0]" name="TestFavoritesPageLoggedinflow" duration-ms="3106" started-at="2018-11-06T13:22:52Z" finished-at="2018-11-06T13:22:55Z">
          <reporter-output>
          </reporter-output>
        </test-method> <!-- TestFavoritesPageLoggedinflow -->
        <test-method status="PASS" signature="close()[pri:0, instance:com.jdTouch.testcases.ContextualMenuTest@5e5792a0]" name="close" is-config="true" duration-ms="650" started-at="2018-11-06T13:22:55Z" finished-at="2018-11-06T13:22:56Z">
          <reporter-output>
          </reporter-output>
        </test-method> <!-- close -->
        <test-method status="PASS" signature="setup()[pri:0, instance:com.jdTouch.testcases.ContextualMenuTest@5e5792a0]" name="setup" is-config="true" duration-ms="7417" started-at="2018-11-06T13:22:56Z" finished-at="2018-11-06T13:23:03Z">
          <reporter-output>
          </reporter-output>
        </test-method> <!-- setup -->
        <test-method status="FAIL" signature="TestMyInterestPageLoggedinflow()[pri:0, instance:com.jdTouch.testcases.ContextualMenuTest@5e5792a0]" name="TestMyInterestPageLoggedinflow" duration-ms="13186" started-at="2018-11-06T13:23:03Z" finished-at="2018-11-06T13:23:16Z">
          <exception class="org.openqa.selenium.NoSuchElementException">
            <message>
              <![CDATA[no such element: Unable to locate element: {"method":"xpath","selector":"//span[contains(@class,'list-title') and contains(text(),'Movies')]"}
  (Session info: chrome=70.0.3538.77)
  (Driver info: chromedriver=2.38.552522 (437e6fbedfa8762dec75e2c5b3ddb86763dc9dcb),platform=Windows NT 6.1.7601 SP1 x86_64) (WARNING: The server did not provide any stacktrace information)
Command duration or timeout: 0 milliseconds
For documentation on this error, please visit: http://seleniumhq.org/exceptions/no_such_element.html
Build info: version: '3.14.0', revision: 'aacccce0', time: '2018-08-02T20:19:58.91Z'
System info: host: 'BLR-SOFT--68', ip: '172.29.87.68', os.name: 'Windows 7', os.arch: 'amd64', os.version: '6.1', java.version: '1.8.0_152'
Driver info: org.openqa.selenium.chrome.ChromeDriver
Capabilities {acceptInsecureCerts: false, acceptSslCerts: false, applicationCacheEnabled: false, browserConnectionEnabled: false, browserName: chrome, chrome: {chromedriverVersion: 2.38.552522 (437e6fbedfa876..., userDataDir: C:\Users\AMITKU~1\AppData\L...}, cssSelectorsEnabled: true, databaseEnabled: false, handlesAlerts: true, hasTouchScreen: false, javascriptEnabled: true, locationContextEnabled: true, mobileEmulationEnabled: false, nativeEvents: true, networkConnectionEnabled: false, pageLoadStrategy: normal, platform: XP, platformName: XP, rotatable: false, setWindowRect: true, takesHeapSnapshot: true, takesScreenshot: true, unexpectedAlertBehaviour: , unhandledPromptBehavior: , version: 70.0.3538.77, webStorageEnabled: true}
Session ID: 6a7fc5c500a932513ef177f0b50466d9
*** Element info: {Using=xpath, value=//span[contains(@class,'list-title') and contains(text(),'Movies')]}]]>
            </message>
            <full-stacktrace>
              <![CDATA[org.openqa.selenium.NoSuchElementException: no such element: Unable to locate element: {"method":"xpath","selector":"//span[contains(@class,'list-title') and contains(text(),'Movies')]"}
  (Session info: chrome=70.0.3538.77)
  (Driver info: chromedriver=2.38.552522 (437e6fbedfa8762dec75e2c5b3ddb86763dc9dcb),platform=Windows NT 6.1.7601 SP1 x86_64) (WARNING: The server did not provide any stacktrace information)
Command duration or timeout: 0 milliseconds
For documentation on this error, please visit: http://seleniumhq.org/exceptions/no_such_element.html
Build info: version: '3.14.0', revision: 'aacccce0', time: '2018-08-02T20:19:58.91Z'
System info: host: 'BLR-SOFT--68', ip: '172.29.87.68', os.name: 'Windows 7', os.arch: 'amd64', os.version: '6.1', java.version: '1.8.0_152'
Driver info: org.openqa.selenium.chrome.ChromeDriver
Capabilities {acceptInsecureCerts: false, acceptSslCerts: false, applicationCacheEnabled: false, browserConnectionEnabled: false, browserName: chrome, chrome: {chromedriverVersion: 2.38.552522 (437e6fbedfa876..., userDataDir: C:\Users\AMITKU~1\AppData\L...}, cssSelectorsEnabled: true, databaseEnabled: false, handlesAlerts: true, hasTouchScreen: false, javascriptEnabled: true, locationContextEnabled: true, mobileEmulationEnabled: false, nativeEvents: true, networkConnectionEnabled: false, pageLoadStrategy: normal, platform: XP, platformName: XP, rotatable: false, setWindowRect: true, takesHeapSnapshot: true, takesScreenshot: true, unexpectedAlertBehaviour: , unhandledPromptBehavior: , version: 70.0.3538.77, webStorageEnabled: true}
Session ID: 6a7fc5c500a932513ef177f0b50466d9
*** Element info: {Using=xpath, value=//span[contains(@class,'list-title') and contains(text(),'Movies')]}
	at sun.reflect.NativeConstructorAccessorImpl.newInstance0(Native Method)
	at sun.reflect.NativeConstructorAccessorImpl.newInstance(Unknown Source)
	at sun.reflect.DelegatingConstructorAccessorImpl.newInstance(Unknown Source)
	at java.lang.reflect.Constructor.newInstance(Unknown Source)
	at org.openqa.selenium.remote.ErrorHandler.createThrowable(ErrorHandler.java:214)
	at org.openqa.selenium.remote.ErrorHandler.throwIfResponseFailed(ErrorHandler.java:166)
	at org.openqa.selenium.remote.http.JsonHttpResponseCodec.reconstructValue(JsonHttpResponseCodec.java:40)
	at org.openqa.selenium.remote.http.AbstractHttpResponseCodec.decode(AbstractHttpResponseCodec.java:80)
	at org.openqa.selenium.remote.http.AbstractHttpResponseCodec.decode(AbstractHttpResponseCodec.java:44)
	at org.openqa.selenium.remote.HttpCommandExecutor.execute(HttpCommandExecutor.java:158)
	at org.openqa.selenium.remote.service.DriverCommandExecutor.execute(DriverCommandExecutor.java:83)
	at org.openqa.selenium.remote.RemoteWebDriver.execute(RemoteWebDriver.java:548)
	at org.openqa.selenium.remote.RemoteWebDriver.findElement(RemoteWebDriver.java:322)
	at org.openqa.selenium.remote.RemoteWebDriver.findElementByXPath(RemoteWebDriver.java:424)
	at org.openqa.selenium.By$ByXPath.findElement(By.java:353)
	at org.openqa.selenium.remote.RemoteWebDriver.findElement(RemoteWebDriver.java:314)
	at org.openqa.selenium.support.pagefactory.DefaultElementLocator.findElement(DefaultElementLocator.java:69)
	at org.openqa.selenium.support.pagefactory.internal.LocatingElementHandler.invoke(LocatingElementHandler.java:38)
	at com.sun.proxy.$Proxy12.isDisplayed(Unknown Source)
	at com.jdTouch.pages.ContextualMenu.checkMyInterestLoggedin(ContextualMenu.java:479)
	at com.jdTouch.testcases.ContextualMenuTest.TestMyInterestPageLoggedinflow(ContextualMenuTest.java:177)
	at sun.reflect.NativeMethodAccessorImpl.invoke0(Native Method)
	at sun.reflect.NativeMethodAccessorImpl.invoke(Unknown Source)
	at sun.reflect.DelegatingMethodAccessorImpl.invoke(Unknown Source)
	at java.lang.reflect.Method.invoke(Unknown Source)
	at org.testng.internal.MethodInvocationHelper.invokeMethod(MethodInvocationHelper.java:80)
	at org.testng.internal.Invoker.invokeMethod(Invoker.java:714)
	at org.testng.internal.Invoker.invokeTestMethod(Invoker.java:901)
	at org.testng.internal.Invoker.invokeTestMethods(Invoker.java:1231)
	at org.testng.internal.TestMethodWorker.invokeTestMethods(TestMethodWorker.java:127)
	at org.testng.internal.TestMethodWorker.run(TestMethodWorker.java:111)
	at org.testng.TestRunner.privateRun(TestRunner.java:767)
	at org.testng.TestRunner.run(TestRunner.java:617)
	at org.testng.SuiteRunner.runTest(SuiteRunner.java:334)
	at org.testng.SuiteRunner.runSequentially(SuiteRunner.java:329)
	at org.testng.SuiteRunner.privateRun(SuiteRunner.java:291)
	at org.testng.SuiteRunner.run(SuiteRunner.java:240)
	at org.testng.SuiteRunnerWorker.runSuite(SuiteRunnerWorker.java:52)
	at org.testng.SuiteRunnerWorker.run(SuiteRunnerWorker.java:86)
	at org.testng.TestNG.runSuitesSequentially(TestNG.java:1198)
	at org.testng.TestNG.runSuitesLocally(TestNG.java:1123)
	at org.testng.TestNG.run(TestNG.java:1031)
	at org.testng.remote.AbstractRemoteTestNG.run(AbstractRemoteTestNG.java:114)
	at org.testng.remote.RemoteTestNG.initAndRun(RemoteTestNG.java:251)
	at org.testng.remote.RemoteTestNG.main(RemoteTestNG.java:77)
]]>
            </full-stacktrace>
          </exception> <!-- org.openqa.selenium.NoSuchElementException -->
          <reporter-output>
          </reporter-output>
        </test-method> <!-- TestMyInterestPageLoggedinflow -->
        <test-method status="PASS" signature="close()[pri:0, instance:com.jdTouch.testcases.ContextualMenuTest@5e5792a0]" name="close" is-config="true" duration-ms="642" started-at="2018-11-06T13:23:16Z" finished-at="2018-11-06T13:23:17Z">
          <reporter-output>
          </reporter-output>
        </test-method> <!-- close -->
        <test-method status="PASS" signature="setup()[pri:0, instance:com.jdTouch.testcases.ContextualMenuTest@5e5792a0]" name="setup" is-config="true" duration-ms="8447" started-at="2018-11-06T13:23:17Z" finished-at="2018-11-06T13:23:25Z">
          <reporter-output>
          </reporter-output>
        </test-method> <!-- setup -->
        <test-method status="PASS" signature="TestMyTransactionPageLoggedinflow()[pri:0, instance:com.jdTouch.testcases.ContextualMenuTest@5e5792a0]" name="TestMyTransactionPageLoggedinflow" duration-ms="4073" started-at="2018-11-06T13:23:25Z" finished-at="2018-11-06T13:23:29Z">
          <reporter-output>
          </reporter-output>
        </test-method> <!-- TestMyTransactionPageLoggedinflow -->
        <test-method status="PASS" signature="close()[pri:0, instance:com.jdTouch.testcases.ContextualMenuTest@5e5792a0]" name="close" is-config="true" duration-ms="681" started-at="2018-11-06T13:23:29Z" finished-at="2018-11-06T13:23:30Z">
          <reporter-output>
          </reporter-output>
        </test-method> <!-- close -->
        <test-method status="PASS" signature="setup()[pri:0, instance:com.jdTouch.testcases.ContextualMenuTest@5e5792a0]" name="setup" is-config="true" duration-ms="7602" started-at="2018-11-06T13:23:30Z" finished-at="2018-11-06T13:23:38Z">
          <reporter-output>
          </reporter-output>
        </test-method> <!-- setup -->
        <test-method status="FAIL" signature="TestFeedbackPageLoggedinflow()[pri:0, instance:com.jdTouch.testcases.ContextualMenuTest@5e5792a0]" name="TestFeedbackPageLoggedinflow" duration-ms="14424" started-at="2018-11-06T13:23:38Z" finished-at="2018-11-06T13:23:52Z">
          <exception class="org.openqa.selenium.NoSuchElementException">
            <message>
              <![CDATA[no such element: Unable to locate element: {"method":"xpath","selector":"//a[@class='tbhdr act' and @id='ratings']"}
  (Session info: chrome=70.0.3538.77)
  (Driver info: chromedriver=2.38.552522 (437e6fbedfa8762dec75e2c5b3ddb86763dc9dcb),platform=Windows NT 6.1.7601 SP1 x86_64) (WARNING: The server did not provide any stacktrace information)
Command duration or timeout: 0 milliseconds
For documentation on this error, please visit: http://seleniumhq.org/exceptions/no_such_element.html
Build info: version: '3.14.0', revision: 'aacccce0', time: '2018-08-02T20:19:58.91Z'
System info: host: 'BLR-SOFT--68', ip: '172.29.87.68', os.name: 'Windows 7', os.arch: 'amd64', os.version: '6.1', java.version: '1.8.0_152'
Driver info: org.openqa.selenium.chrome.ChromeDriver
Capabilities {acceptInsecureCerts: false, acceptSslCerts: false, applicationCacheEnabled: false, browserConnectionEnabled: false, browserName: chrome, chrome: {chromedriverVersion: 2.38.552522 (437e6fbedfa876..., userDataDir: C:\Users\AMITKU~1\AppData\L...}, cssSelectorsEnabled: true, databaseEnabled: false, handlesAlerts: true, hasTouchScreen: false, javascriptEnabled: true, locationContextEnabled: true, mobileEmulationEnabled: false, nativeEvents: true, networkConnectionEnabled: false, pageLoadStrategy: normal, platform: XP, platformName: XP, rotatable: false, setWindowRect: true, takesHeapSnapshot: true, takesScreenshot: true, unexpectedAlertBehaviour: , unhandledPromptBehavior: , version: 70.0.3538.77, webStorageEnabled: true}
Session ID: f9240417bf3c0e165c29ec19db9c40c3
*** Element info: {Using=xpath, value=//a[@class='tbhdr act' and @id='ratings']}]]>
            </message>
            <full-stacktrace>
              <![CDATA[org.openqa.selenium.NoSuchElementException: no such element: Unable to locate element: {"method":"xpath","selector":"//a[@class='tbhdr act' and @id='ratings']"}
  (Session info: chrome=70.0.3538.77)
  (Driver info: chromedriver=2.38.552522 (437e6fbedfa8762dec75e2c5b3ddb86763dc9dcb),platform=Windows NT 6.1.7601 SP1 x86_64) (WARNING: The server did not provide any stacktrace information)
Command duration or timeout: 0 milliseconds
For documentation on this error, please visit: http://seleniumhq.org/exceptions/no_such_element.html
Build info: version: '3.14.0', revision: 'aacccce0', time: '2018-08-02T20:19:58.91Z'
System info: host: 'BLR-SOFT--68', ip: '172.29.87.68', os.name: 'Windows 7', os.arch: 'amd64', os.version: '6.1', java.version: '1.8.0_152'
Driver info: org.openqa.selenium.chrome.ChromeDriver
Capabilities {acceptInsecureCerts: false, acceptSslCerts: false, applicationCacheEnabled: false, browserConnectionEnabled: false, browserName: chrome, chrome: {chromedriverVersion: 2.38.552522 (437e6fbedfa876..., userDataDir: C:\Users\AMITKU~1\AppData\L...}, cssSelectorsEnabled: true, databaseEnabled: false, handlesAlerts: true, hasTouchScreen: false, javascriptEnabled: true, locationContextEnabled: true, mobileEmulationEnabled: false, nativeEvents: true, networkConnectionEnabled: false, pageLoadStrategy: normal, platform: XP, platformName: XP, rotatable: false, setWindowRect: true, takesHeapSnapshot: true, takesScreenshot: true, unexpectedAlertBehaviour: , unhandledPromptBehavior: , version: 70.0.3538.77, webStorageEnabled: true}
Session ID: f9240417bf3c0e165c29ec19db9c40c3
*** Element info: {Using=xpath, value=//a[@class='tbhdr act' and @id='ratings']}
	at sun.reflect.NativeConstructorAccessorImpl.newInstance0(Native Method)
	at sun.reflect.NativeConstructorAccessorImpl.newInstance(Unknown Source)
	at sun.reflect.DelegatingConstructorAccessorImpl.newInstance(Unknown Source)
	at java.lang.reflect.Constructor.newInstance(Unknown Source)
	at org.openqa.selenium.remote.ErrorHandler.createThrowable(ErrorHandler.java:214)
	at org.openqa.selenium.remote.ErrorHandler.throwIfResponseFailed(ErrorHandler.java:166)
	at org.openqa.selenium.remote.http.JsonHttpResponseCodec.reconstructValue(JsonHttpResponseCodec.java:40)
	at org.openqa.selenium.remote.http.AbstractHttpResponseCodec.decode(AbstractHttpResponseCodec.java:80)
	at org.openqa.selenium.remote.http.AbstractHttpResponseCodec.decode(AbstractHttpResponseCodec.java:44)
	at org.openqa.selenium.remote.HttpCommandExecutor.execute(HttpCommandExecutor.java:158)
	at org.openqa.selenium.remote.service.DriverCommandExecutor.execute(DriverCommandExecutor.java:83)
	at org.openqa.selenium.remote.RemoteWebDriver.execute(RemoteWebDriver.java:548)
	at org.openqa.selenium.remote.RemoteWebDriver.findElement(RemoteWebDriver.java:322)
	at org.openqa.selenium.remote.RemoteWebDriver.findElementByXPath(RemoteWebDriver.java:424)
	at org.openqa.selenium.By$ByXPath.findElement(By.java:353)
	at org.openqa.selenium.remote.RemoteWebDriver.findElement(RemoteWebDriver.java:314)
	at org.openqa.selenium.support.pagefactory.DefaultElementLocator.findElement(DefaultElementLocator.java:69)
	at org.openqa.selenium.support.pagefactory.internal.LocatingElementHandler.invoke(LocatingElementHandler.java:38)
	at com.sun.proxy.$Proxy12.isDisplayed(Unknown Source)
	at com.jdTouch.pages.ContextualMenu.checkFeedbackLoggedin(ContextualMenu.java:512)
	at com.jdTouch.testcases.ContextualMenuTest.TestFeedbackPageLoggedinflow(ContextualMenuTest.java:187)
	at sun.reflect.NativeMethodAccessorImpl.invoke0(Native Method)
	at sun.reflect.NativeMethodAccessorImpl.invoke(Unknown Source)
	at sun.reflect.DelegatingMethodAccessorImpl.invoke(Unknown Source)
	at java.lang.reflect.Method.invoke(Unknown Source)
	at org.testng.internal.MethodInvocationHelper.invokeMethod(MethodInvocationHelper.java:80)
	at org.testng.internal.Invoker.invokeMethod(Invoker.java:714)
	at org.testng.internal.Invoker.invokeTestMethod(Invoker.java:901)
	at org.testng.internal.Invoker.invokeTestMethods(Invoker.java:1231)
	at org.testng.internal.TestMethodWorker.invokeTestMethods(TestMethodWorker.java:127)
	at org.testng.internal.TestMethodWorker.run(TestMethodWorker.java:111)
	at org.testng.TestRunner.privateRun(TestRunner.java:767)
	at org.testng.TestRunner.run(TestRunner.java:617)
	at org.testng.SuiteRunner.runTest(SuiteRunner.java:334)
	at org.testng.SuiteRunner.runSequentially(SuiteRunner.java:329)
	at org.testng.SuiteRunner.privateRun(SuiteRunner.java:291)
	at org.testng.SuiteRunner.run(SuiteRunner.java:240)
	at org.testng.SuiteRunnerWorker.runSuite(SuiteRunnerWorker.java:52)
	at org.testng.SuiteRunnerWorker.run(SuiteRunnerWorker.java:86)
	at org.testng.TestNG.runSuitesSequentially(TestNG.java:1198)
	at org.testng.TestNG.runSuitesLocally(TestNG.java:1123)
	at org.testng.TestNG.run(TestNG.java:1031)
	at org.testng.remote.AbstractRemoteTestNG.run(AbstractRemoteTestNG.java:114)
	at org.testng.remote.RemoteTestNG.initAndRun(RemoteTestNG.java:251)
	at org.testng.remote.RemoteTestNG.main(RemoteTestNG.java:77)
]]>
            </full-stacktrace>
          </exception> <!-- org.openqa.selenium.NoSuchElementException -->
          <reporter-output>
          </reporter-output>
        </test-method> <!-- TestFeedbackPageLoggedinflow -->
        <test-method status="PASS" signature="close()[pri:0, instance:com.jdTouch.testcases.ContextualMenuTest@5e5792a0]" name="close" is-config="true" duration-ms="629" started-at="2018-11-06T13:23:52Z" finished-at="2018-11-06T13:23:53Z">
          <reporter-output>
          </reporter-output>
        </test-method> <!-- close -->
      </class> <!-- com.jdTouch.testcases.ContextualMenuTest -->
      <class name="com.jdTouch.testcases.HomePageTest">
        <test-method status="PASS" signature="setup()[pri:0, instance:com.jdTouch.testcases.HomePageTest@3532ec19]" name="setup" is-config="true" duration-ms="7659" started-at="2018-11-06T13:15:52Z" finished-at="2018-11-06T13:16:00Z">
          <reporter-output>
          </reporter-output>
        </test-method> <!-- setup -->
        <test-method status="PASS" signature="testSearchBar()[pri:0, instance:com.jdTouch.testcases.HomePageTest@3532ec19]" name="testSearchBar" duration-ms="261" started-at="2018-11-06T13:16:00Z" finished-at="2018-11-06T13:16:00Z">
          <reporter-output>
          </reporter-output>
        </test-method> <!-- testSearchBar -->
        <test-method status="PASS" signature="closebrowsers()[pri:0, instance:com.jdTouch.testcases.HomePageTest@3532ec19]" name="closebrowsers" is-config="true" duration-ms="648" started-at="2018-11-06T13:16:00Z" finished-at="2018-11-06T13:16:01Z">
          <reporter-output>
          </reporter-output>
        </test-method> <!-- closebrowsers -->
        <test-method status="PASS" signature="setup()[pri:0, instance:com.jdTouch.testcases.HomePageTest@3532ec19]" name="setup" is-config="true" duration-ms="6686" started-at="2018-11-06T13:16:01Z" finished-at="2018-11-06T13:16:08Z">
          <reporter-output>
          </reporter-output>
        </test-method> <!-- setup -->
        <test-method status="PASS" signature="testLocationfield()[pri:0, instance:com.jdTouch.testcases.HomePageTest@3532ec19]" name="testLocationfield" duration-ms="43" started-at="2018-11-06T13:16:08Z" finished-at="2018-11-06T13:16:08Z">
          <reporter-output>
          </reporter-output>
        </test-method> <!-- testLocationfield -->
        <test-method status="PASS" signature="closebrowsers()[pri:0, instance:com.jdTouch.testcases.HomePageTest@3532ec19]" name="closebrowsers" is-config="true" duration-ms="633" started-at="2018-11-06T13:16:08Z" finished-at="2018-11-06T13:16:08Z">
          <reporter-output>
          </reporter-output>
        </test-method> <!-- closebrowsers -->
        <test-method status="PASS" signature="setup()[pri:0, instance:com.jdTouch.testcases.HomePageTest@3532ec19]" name="setup" is-config="true" duration-ms="7109" started-at="2018-11-06T13:16:08Z" finished-at="2018-11-06T13:16:15Z">
          <reporter-output>
          </reporter-output>
        </test-method> <!-- setup -->
        <test-method status="PASS" signature="testsocialFeedsCount()[pri:0, instance:com.jdTouch.testcases.HomePageTest@3532ec19]" name="testsocialFeedsCount" duration-ms="25800" started-at="2018-11-06T13:16:15Z" finished-at="2018-11-06T13:16:41Z">
          <reporter-output>
          </reporter-output>
        </test-method> <!-- testsocialFeedsCount -->
        <test-method status="PASS" signature="closebrowsers()[pri:0, instance:com.jdTouch.testcases.HomePageTest@3532ec19]" name="closebrowsers" is-config="true" duration-ms="1297" started-at="2018-11-06T13:16:41Z" finished-at="2018-11-06T13:16:43Z">
          <reporter-output>
          </reporter-output>
        </test-method> <!-- closebrowsers -->
        <test-method status="PASS" signature="setup()[pri:0, instance:com.jdTouch.testcases.HomePageTest@3532ec19]" name="setup" is-config="true" duration-ms="7047" started-at="2018-11-06T13:16:43Z" finished-at="2018-11-06T13:16:50Z">
          <reporter-output>
          </reporter-output>
        </test-method> <!-- setup -->
        <test-method status="PASS" signature="testHotkeysRedirections()[pri:0, instance:com.jdTouch.testcases.HomePageTest@3532ec19]" name="testHotkeysRedirections" duration-ms="30441" started-at="2018-11-06T13:16:50Z" finished-at="2018-11-06T13:17:20Z">
          <reporter-output>
          </reporter-output>
        </test-method> <!-- testHotkeysRedirections -->
        <test-method status="PASS" signature="closebrowsers()[pri:0, instance:com.jdTouch.testcases.HomePageTest@3532ec19]" name="closebrowsers" is-config="true" duration-ms="705" started-at="2018-11-06T13:17:20Z" finished-at="2018-11-06T13:17:21Z">
          <reporter-output>
          </reporter-output>
        </test-method> <!-- closebrowsers -->
      </class> <!-- com.jdTouch.testcases.HomePageTest -->
    </test> <!-- wapTouchTest -->
  </suite> <!-- Wap Touch Test -->
</testng-results>
