<?xml version="1.0" encoding="UTF-8"?>
<!-- Generated by org.testng.reporters.JUnitXMLReporter -->
<testsuite hostname="BLR-SOFT--68" name="wapTouchTest" tests="43" failures="3" timestamp="31 Oct 2018 13:35:39 GMT" time="581.953" errors="0">
  <testcase name="testSearchBar" time="0.047" classname="com.jdTouch.testcases.HomePageTest"/>
  <testcase name="testLocationfield" time="0.033" classname="com.jdTouch.testcases.HomePageTest"/>
  <testcase name="testsocialFeedsCount" time="25.678" classname="com.jdTouch.testcases.HomePageTest"/>
  <testcase name="testHotkeysRedirections" time="30.141" classname="com.jdTouch.testcases.HomePageTest"/>
  <testcase name="testSearchBarRedirection" time="0.124" classname="com.jdTouch.testcases.SearchPageTest"/>
  <testcase name="testSearchPage" time="2.051" classname="com.jdTouch.testcases.SearchPageTest"/>
  <testcase name="testSearchCategoryAutosuggest" time="20.665" classname="com.jdTouch.testcases.SearchPageTest"/>
  <testcase name="testSearchCompanyAutosuggest" time="18.565" classname="com.jdTouch.testcases.SearchPageTest"/>
  <testcase name="testSearchGroupAutosuggest" time="11.685" classname="com.jdTouch.testcases.SearchPageTest"/>
  <testcase name="testSearchProductAutosuggest" time="16.816" classname="com.jdTouch.testcases.SearchPageTest"/>
  <testcase name="TestContextualMenuPage" time="0.031" classname="com.jdTouch.testcases.ContextualMenuTest"/>
  <testcase name="testContextualmenuBack" time="0.132" classname="com.jdTouch.testcases.ContextualMenuTest"/>
  <testcase name="TestUsernameNonloggedin" time="0.283" classname="com.jdTouch.testcases.ContextualMenuTest"/>
  <testcase name="TestFavoriesNonloggedin" time="0.341" classname="com.jdTouch.testcases.ContextualMenuTest"/>
  <testcase name="TestMyInterestNonloggedin" time="0.296" classname="com.jdTouch.testcases.ContextualMenuTest"/>
  <testcase name="TestMyTransactionNonloggedin" time="0.244" classname="com.jdTouch.testcases.ContextualMenuTest"/>
  <testcase name="TestFeedbackNonloggedin" time="0.297" classname="com.jdTouch.testcases.ContextualMenuTest"/>
  <testcase name="Testloginlink" time="2.378" classname="com.jdTouch.testcases.ContextualMenuTest"/>
  <testcase name="TestHelpnSupport" time="2.692" classname="com.jdTouch.testcases.ContextualMenuTest"/>
  <testcase name="TestOthersPage" time="1.365" classname="com.jdTouch.testcases.ContextualMenuTest"/>
  <testcase name="TestOthersBack" time="1.523" classname="com.jdTouch.testcases.ContextualMenuTest"/>
  <testcase name="TestOthersNotification" time="1.6" classname="com.jdTouch.testcases.ContextualMenuTest">
    <failure type="java.lang.AssertionError">
      <![CDATA[java.lang.AssertionError
	at org.junit.Assert.fail(Assert.java:92)
	at org.junit.Assert.assertTrue(Assert.java:43)
	at org.junit.Assert.assertTrue(Assert.java:54)
	at com.jdTouch.testcases.ContextualMenuTest.TestOthersNotification(ContextualMenuTest.java:102)
... Removed 24 stack frames]]>
    </failure>
  </testcase> <!-- TestOthersNotification -->
  <testcase name="TestOthersFreelisting" time="2.601" classname="com.jdTouch.testcases.ContextualMenuTest"/>
  <testcase name="TestOthersFeedback" time="3.145" classname="com.jdTouch.testcases.ContextualMenuTest"/>
  <testcase name="TestTestimonials" time="2.331" classname="com.jdTouch.testcases.ContextualMenuTest"/>
  <testcase name="TestDownloadJdapp" time="1.482" classname="com.jdTouch.testcases.ContextualMenuTest"/>
  <testcase name="TestOthersWhoareWe" time="4.114" classname="com.jdTouch.testcases.ContextualMenuTest"/>
  <testcase name="TestPolicies" time="2.104" classname="com.jdTouch.testcases.ContextualMenuTest"/>
  <testcase name="TestOtherTermsOfUse" time="2.136" classname="com.jdTouch.testcases.ContextualMenuTest"/>
  <testcase name="TestOtherInfringementPolicy" time="2.875" classname="com.jdTouch.testcases.ContextualMenuTest"/>
  <testcase name="TestOtherContactUs" time="2.812" classname="com.jdTouch.testcases.ContextualMenuTest"/>
  <testcase name="TestLoginPageSubmitButton" time="1.416" classname="com.jdTouch.testcases.ContextualMenuTest"/>
  <testcase name="TestLoginFunctionality" time="4.089" classname="com.jdTouch.testcases.ContextualMenuTest"/>
  <testcase name="TestFavoritesPageLoggedinflow" time="3.849" classname="com.jdTouch.testcases.ContextualMenuTest"/>
  <testcase name="TestMyInterestPageLoggedinflow" time="12.795" classname="com.jdTouch.testcases.ContextualMenuTest">
    <failure type="org.openqa.selenium.NoSuchElementException" message="no such element: Unable to locate element: {&amp;quot;method&amp;quot;:&amp;quot;xpath&amp;quot;,&amp;quot;selector&amp;quot;:&amp;quot;//span[contains(@class,&amp;apos;list-title&amp;apos;) and contains(text(),&amp;apos;Movies&amp;apos;)]&amp;quot;}
  (Session info: chrome=69.0.3497.100)
  (Driver info: chromedriver=2.38.552522 (437e6fbedfa8762dec75e2c5b3ddb86763dc9dcb),platform=Windows NT 6.1.7601 SP1 x86_64) (WARNING: The server did not provide any stacktrace information)
Command duration or timeout: 0 milliseconds
For documentation on this error, please visit: http://seleniumhq.org/exceptions/no_such_element.html
Build info: version: &amp;apos;3.14.0&amp;apos;, revision: &amp;apos;aacccce0&amp;apos;, time: &amp;apos;2018-08-02T20:19:58.91Z&amp;apos;
System info: host: &amp;apos;BLR-SOFT--68&amp;apos;, ip: &amp;apos;172.29.87.68&amp;apos;, os.name: &amp;apos;Windows 7&amp;apos;, os.arch: &amp;apos;amd64&amp;apos;, os.version: &amp;apos;6.1&amp;apos;, java.version: &amp;apos;1.8.0_152&amp;apos;
Driver info: org.openqa.selenium.chrome.ChromeDriver
Capabilities {acceptInsecureCerts: false, acceptSslCerts: false, applicationCacheEnabled: false, browserConnectionEnabled: false, browserName: chrome, chrome: {chromedriverVersion: 2.38.552522 (437e6fbedfa876..., userDataDir: C:\Users\AMITKU~1\AppData\L...}, cssSelectorsEnabled: true, databaseEnabled: false, handlesAlerts: true, hasTouchScreen: false, javascriptEnabled: true, locationContextEnabled: true, mobileEmulationEnabled: false, nativeEvents: true, networkConnectionEnabled: false, pageLoadStrategy: normal, platform: XP, platformName: XP, rotatable: false, setWindowRect: true, takesHeapSnapshot: true, takesScreenshot: true, unexpectedAlertBehaviour: , unhandledPromptBehavior: , version: 69.0.3497.100, webStorageEnabled: true}
Session ID: 67ad8b1f41deed7b944aa04cacf06f13
*** Element info: {Using=xpath, value=//span[contains(@class,&amp;apos;list-title&amp;apos;) and contains(text(),&amp;apos;Movies&amp;apos;)]}">
      <![CDATA[org.openqa.selenium.NoSuchElementException: no such element: Unable to locate element: {"method":"xpath","selector":"//span[contains(@class,'list-title') and contains(text(),'Movies')]"}
  (Session info: chrome=69.0.3497.100)
  (Driver info: chromedriver=2.38.552522 (437e6fbedfa8762dec75e2c5b3ddb86763dc9dcb),platform=Windows NT 6.1.7601 SP1 x86_64) (WARNING: The server did not provide any stacktrace information)
Command duration or timeout: 0 milliseconds
For documentation on this error, please visit: http://seleniumhq.org/exceptions/no_such_element.html
Build info: version: '3.14.0', revision: 'aacccce0', time: '2018-08-02T20:19:58.91Z'
System info: host: 'BLR-SOFT--68', ip: '172.29.87.68', os.name: 'Windows 7', os.arch: 'amd64', os.version: '6.1', java.version: '1.8.0_152'
Driver info: org.openqa.selenium.chrome.ChromeDriver
Capabilities {acceptInsecureCerts: false, acceptSslCerts: false, applicationCacheEnabled: false, browserConnectionEnabled: false, browserName: chrome, chrome: {chromedriverVersion: 2.38.552522 (437e6fbedfa876..., userDataDir: C:\Users\AMITKU~1\AppData\L...}, cssSelectorsEnabled: true, databaseEnabled: false, handlesAlerts: true, hasTouchScreen: false, javascriptEnabled: true, locationContextEnabled: true, mobileEmulationEnabled: false, nativeEvents: true, networkConnectionEnabled: false, pageLoadStrategy: normal, platform: XP, platformName: XP, rotatable: false, setWindowRect: true, takesHeapSnapshot: true, takesScreenshot: true, unexpectedAlertBehaviour: , unhandledPromptBehavior: , version: 69.0.3497.100, webStorageEnabled: true}
Session ID: 67ad8b1f41deed7b944aa04cacf06f13
*** Element info: {Using=xpath, value=//span[contains(@class,'list-title') and contains(text(),'Movies')]}
	at org.openqa.selenium.remote.ErrorHandler.createThrowable(ErrorHandler.java:214)
	at org.openqa.selenium.remote.ErrorHandler.throwIfResponseFailed(ErrorHandler.java:166)
	at org.openqa.selenium.remote.http.JsonHttpResponseCodec.reconstructValue(JsonHttpResponseCodec.java:40)
	at org.openqa.selenium.remote.http.AbstractHttpResponseCodec.decode(AbstractHttpResponseCodec.java:80)
	at org.openqa.selenium.remote.http.AbstractHttpResponseCodec.decode(AbstractHttpResponseCodec.java:44)
	at org.openqa.selenium.remote.HttpCommandExecutor.execute(HttpCommandExecutor.java:158)
	at org.openqa.selenium.remote.service.DriverCommandExecutor.execute(DriverCommandExecutor.java:83)
	at org.openqa.selenium.remote.RemoteWebDriver.execute(RemoteWebDriver.java:548)
	at org.openqa.selenium.remote.RemoteWebDriver.findElement(RemoteWebDriver.java:322)
	at org.openqa.selenium.remote.RemoteWebDriver.findElementByXPath(RemoteWebDriver.java:424)
	at org.openqa.selenium.By$ByXPath.findElement(By.java:353)
	at org.openqa.selenium.remote.RemoteWebDriver.findElement(RemoteWebDriver.java:314)
	at org.openqa.selenium.support.pagefactory.DefaultElementLocator.findElement(DefaultElementLocator.java:69)
	at org.openqa.selenium.support.pagefactory.internal.LocatingElementHandler.invoke(LocatingElementHandler.java:38)
	at com.sun.proxy.$Proxy12.isDisplayed(Unknown Source)
	at com.jdTouch.pages.ContextualMenu.checkMyInterestLoggedin(ContextualMenu.java:479)
	at com.jdTouch.testcases.ContextualMenuTest.TestMyInterestPageLoggedinflow(ContextualMenuTest.java:177)
... Removed 28 stack frames]]>
    </failure>
  </testcase> <!-- TestMyInterestPageLoggedinflow -->
  <testcase name="TestMyTransactionPageLoggedinflow" time="4.327" classname="com.jdTouch.testcases.ContextualMenuTest"/>
  <testcase name="TestFeedbackPageLoggedinflow" time="13.91" classname="com.jdTouch.testcases.ContextualMenuTest">
    <failure type="org.openqa.selenium.NoSuchElementException" message="no such element: Unable to locate element: {&amp;quot;method&amp;quot;:&amp;quot;xpath&amp;quot;,&amp;quot;selector&amp;quot;:&amp;quot;//a[@class=&amp;apos;tbhdr act&amp;apos; and @id=&amp;apos;ratings&amp;apos;]&amp;quot;}
  (Session info: chrome=69.0.3497.100)
  (Driver info: chromedriver=2.38.552522 (437e6fbedfa8762dec75e2c5b3ddb86763dc9dcb),platform=Windows NT 6.1.7601 SP1 x86_64) (WARNING: The server did not provide any stacktrace information)
Command duration or timeout: 0 milliseconds
For documentation on this error, please visit: http://seleniumhq.org/exceptions/no_such_element.html
Build info: version: &amp;apos;3.14.0&amp;apos;, revision: &amp;apos;aacccce0&amp;apos;, time: &amp;apos;2018-08-02T20:19:58.91Z&amp;apos;
System info: host: &amp;apos;BLR-SOFT--68&amp;apos;, ip: &amp;apos;172.29.87.68&amp;apos;, os.name: &amp;apos;Windows 7&amp;apos;, os.arch: &amp;apos;amd64&amp;apos;, os.version: &amp;apos;6.1&amp;apos;, java.version: &amp;apos;1.8.0_152&amp;apos;
Driver info: org.openqa.selenium.chrome.ChromeDriver
Capabilities {acceptInsecureCerts: false, acceptSslCerts: false, applicationCacheEnabled: false, browserConnectionEnabled: false, browserName: chrome, chrome: {chromedriverVersion: 2.38.552522 (437e6fbedfa876..., userDataDir: C:\Users\AMITKU~1\AppData\L...}, cssSelectorsEnabled: true, databaseEnabled: false, handlesAlerts: true, hasTouchScreen: false, javascriptEnabled: true, locationContextEnabled: true, mobileEmulationEnabled: false, nativeEvents: true, networkConnectionEnabled: false, pageLoadStrategy: normal, platform: XP, platformName: XP, rotatable: false, setWindowRect: true, takesHeapSnapshot: true, takesScreenshot: true, unexpectedAlertBehaviour: , unhandledPromptBehavior: , version: 69.0.3497.100, webStorageEnabled: true}
Session ID: 3d11f71541f850c53252558c6cdeafb7
*** Element info: {Using=xpath, value=//a[@class=&amp;apos;tbhdr act&amp;apos; and @id=&amp;apos;ratings&amp;apos;]}">
      <![CDATA[org.openqa.selenium.NoSuchElementException: no such element: Unable to locate element: {"method":"xpath","selector":"//a[@class='tbhdr act' and @id='ratings']"}
  (Session info: chrome=69.0.3497.100)
  (Driver info: chromedriver=2.38.552522 (437e6fbedfa8762dec75e2c5b3ddb86763dc9dcb),platform=Windows NT 6.1.7601 SP1 x86_64) (WARNING: The server did not provide any stacktrace information)
Command duration or timeout: 0 milliseconds
For documentation on this error, please visit: http://seleniumhq.org/exceptions/no_such_element.html
Build info: version: '3.14.0', revision: 'aacccce0', time: '2018-08-02T20:19:58.91Z'
System info: host: 'BLR-SOFT--68', ip: '172.29.87.68', os.name: 'Windows 7', os.arch: 'amd64', os.version: '6.1', java.version: '1.8.0_152'
Driver info: org.openqa.selenium.chrome.ChromeDriver
Capabilities {acceptInsecureCerts: false, acceptSslCerts: false, applicationCacheEnabled: false, browserConnectionEnabled: false, browserName: chrome, chrome: {chromedriverVersion: 2.38.552522 (437e6fbedfa876..., userDataDir: C:\Users\AMITKU~1\AppData\L...}, cssSelectorsEnabled: true, databaseEnabled: false, handlesAlerts: true, hasTouchScreen: false, javascriptEnabled: true, locationContextEnabled: true, mobileEmulationEnabled: false, nativeEvents: true, networkConnectionEnabled: false, pageLoadStrategy: normal, platform: XP, platformName: XP, rotatable: false, setWindowRect: true, takesHeapSnapshot: true, takesScreenshot: true, unexpectedAlertBehaviour: , unhandledPromptBehavior: , version: 69.0.3497.100, webStorageEnabled: true}
Session ID: 3d11f71541f850c53252558c6cdeafb7
*** Element info: {Using=xpath, value=//a[@class='tbhdr act' and @id='ratings']}
	at org.openqa.selenium.remote.ErrorHandler.createThrowable(ErrorHandler.java:214)
	at org.openqa.selenium.remote.ErrorHandler.throwIfResponseFailed(ErrorHandler.java:166)
	at org.openqa.selenium.remote.http.JsonHttpResponseCodec.reconstructValue(JsonHttpResponseCodec.java:40)
	at org.openqa.selenium.remote.http.AbstractHttpResponseCodec.decode(AbstractHttpResponseCodec.java:80)
	at org.openqa.selenium.remote.http.AbstractHttpResponseCodec.decode(AbstractHttpResponseCodec.java:44)
	at org.openqa.selenium.remote.HttpCommandExecutor.execute(HttpCommandExecutor.java:158)
	at org.openqa.selenium.remote.service.DriverCommandExecutor.execute(DriverCommandExecutor.java:83)
	at org.openqa.selenium.remote.RemoteWebDriver.execute(RemoteWebDriver.java:548)
	at org.openqa.selenium.remote.RemoteWebDriver.findElement(RemoteWebDriver.java:322)
	at org.openqa.selenium.remote.RemoteWebDriver.findElementByXPath(RemoteWebDriver.java:424)
	at org.openqa.selenium.By$ByXPath.findElement(By.java:353)
	at org.openqa.selenium.remote.RemoteWebDriver.findElement(RemoteWebDriver.java:314)
	at org.openqa.selenium.support.pagefactory.DefaultElementLocator.findElement(DefaultElementLocator.java:69)
	at org.openqa.selenium.support.pagefactory.internal.LocatingElementHandler.invoke(LocatingElementHandler.java:38)
	at com.sun.proxy.$Proxy12.isDisplayed(Unknown Source)
	at com.jdTouch.pages.ContextualMenu.checkFeedbackLoggedin(ContextualMenu.java:512)
	at com.jdTouch.testcases.ContextualMenuTest.TestFeedbackPageLoggedinflow(ContextualMenuTest.java:187)
... Removed 28 stack frames]]>
    </failure>
  </testcase> <!-- TestFeedbackPageLoggedinflow -->
  <testcase name="validateFreelistingPage" time="2.167" classname="com.jdTouch.testcases.FreeListingTest"/>
  <testcase name="testFreelistingBack" time="3.335" classname="com.jdTouch.testcases.FreeListingTest"/>
  <testcase name="testFreelistingCross" time="2.952" classname="com.jdTouch.testcases.FreeListingTest"/>
  <testcase name="testFreeListing" time="11.638" classname="com.jdTouch.testcases.FreeListingTest"/>
  <testcase name="testFreeListing" time="10.263" classname="com.jdTouch.testcases.FreeListingTest"/>
  <testcase name="testFreeListing" time="11.214" classname="com.jdTouch.testcases.FreeListingTest"/>
</testsuite> <!-- wapTouchTest -->
